<?xml version="1.0" encoding="UTF-8"?>
<testsuite xmlns:xsi="http://www.w3.org/2001/XMLSchema-instance" xsi:noNamespaceSchemaLocation="https://maven.apache.org/surefire/maven-surefire-plugin/xsd/surefire-test-report-3.0.xsd" version="3.0" name="com.estapar.parking.repository.GarageSectorRepositoryTest" time="10.324" tests="5" errors="0" skipped="0" failures="0">
  <properties>
[...]
</properties>
  <testcase name="save_ShouldPersistNewSector" classname="com.estapar.parking.repository.GarageSectorRepositoryTest" time="0.536">
    <system-out><![CDATA[15:01:20.726 [main] INFO org.springframework.test.context.support.AnnotationConfigContextLoaderUtils -- Could not detect default configuration classes for test class [com.estapar.parking.repository.GarageSectorRepositoryTest]: GarageSectorRepositoryTest does not declare any static, non-private, non-final, nested classes annotated with @Configuration.
15:01:21.066 [main] INFO org.springframework.boot.test.context.SpringBootTestContextBootstrapper -- Found @SpringBootConfiguration com.estapar.parking.ParkingManagementApplication for test class com.estapar.parking.repository.GarageSectorRepositoryTest

  .   ____          _            __ _ _
 /\\ / ___'_ __ _ _(_)_ __  __ _ \ \ \ \
( ( )\___ | '_ | '_| | '_ \/ _` | \ \ \ \
 \\/  ___)| |_)| | | | | || (_| |  ) ) ) )
  '  |____| .__|_| |_|_| |_\__, | / / / /
 =========|_|==============|___/=/_/_/_/
 :: Spring Boot ::                (v3.2.3)

2025-05-29T15:01:22.146-03:00  INFO 34184 --- [           main] c.e.p.r.GarageSectorRepositoryTest       : Starting GarageSectorRepositoryTest using Java 21.0.5 with PID 34184 (started by actdigital in C:\Users\actdigital\git\Estapar)
2025-05-29T15:01:22.147-03:00 DEBUG 34184 --- [           main] c.e.p.r.GarageSectorRepositoryTest       : Running with Spring Boot v3.2.3, Spring v6.1.4
2025-05-29T15:01:22.148-03:00  INFO 34184 --- [           main] c.e.p.r.GarageSectorRepositoryTest       : The following 1 profile is active: "test"
2025-05-29T15:01:22.149-03:00 DEBUG 34184 --- [           main] o.s.boot.SpringApplication               : Loading source class com.estapar.parking.ParkingManagementApplication
2025-05-29T15:01:22.168-03:00 DEBUG 34184 --- [           main] s.c.a.AnnotationConfigApplicationContext : Refreshing org.springframework.context.annotation.AnnotationConfigApplicationContext@6b4fc2d1
2025-05-29T15:01:22.184-03:00 DEBUG 34184 --- [           main] o.s.b.f.s.DefaultListableBeanFactory     : Creating shared instance of singleton bean 'org.springframework.context.annotation.internalConfigurationAnnotationProcessor'
2025-05-29T15:01:22.211-03:00 DEBUG 34184 --- [           main] o.s.b.f.s.DefaultListableBeanFactory     : Creating shared instance of singleton bean 'org.springframework.boot.autoconfigure.internalCachingMetadataReaderFactory'
2025-05-29T15:01:23.032-03:00  INFO 34184 --- [           main] .s.d.r.c.RepositoryConfigurationDelegate : Bootstrapping Spring Data JPA repositories in DEFAULT mode.
2025-05-29T15:01:23.064-03:00 DEBUG 34184 --- [           main] o.s.b.f.s.DefaultListableBeanFactory     : Creating shared instance of singleton bean 'org.springframework.boot.autoconfigure.AutoConfigurationPackages'
2025-05-29T15:01:23.105-03:00 DEBUG 34184 --- [           main] o.s.b.a.AutoConfigurationPackages        : @EnableAutoConfiguration was declared on a class in the package 'com.estapar.parking'. Automatic @Repository and @Entity scanning is enabled.
2025-05-29T15:01:23.109-03:00 DEBUG 34184 --- [           main] .s.d.r.c.RepositoryConfigurationDelegate : Scanning for JPA repositories in packages com.estapar.parking.
2025-05-29T15:01:23.158-03:00 DEBUG 34184 --- [           main] o.s.d.r.c.RepositoryComponentProvider    : Identified candidate component class: file [C:\Users\actdigital\git\Estapar\target\classes\com\estapar\parking\repository\GarageSectorRepository.class]
2025-05-29T15:01:23.158-03:00 DEBUG 34184 --- [           main] o.s.d.r.c.RepositoryComponentProvider    : Identified candidate component class: file [C:\Users\actdigital\git\Estapar\target\classes\com\estapar\parking\repository\ParkingEventRepository.class]
2025-05-29T15:01:23.159-03:00 DEBUG 34184 --- [           main] o.s.d.r.c.RepositoryComponentProvider    : Identified candidate component class: file [C:\Users\actdigital\git\Estapar\target\classes\com\estapar\parking\repository\ParkingSpotRepository.class]
2025-05-29T15:01:23.159-03:00 DEBUG 34184 --- [           main] o.s.d.r.c.RepositoryComponentProvider    : Identified candidate component class: file [C:\Users\actdigital\git\Estapar\target\classes\com\estapar\parking\repository\RevenueRepository.class]
2025-05-29T15:01:23.344-03:00  INFO 34184 --- [           main] .s.d.r.c.RepositoryConfigurationDelegate : Finished Spring Data repository scanning in 228 ms. Found 4 JPA repository interfaces.
2025-05-29T15:01:23.506-03:00 DEBUG 34184 --- [           main] o.s.b.f.s.DefaultListableBeanFactory     : Creating shared instance of singleton bean 'org.springframework.boot.test.context.ImportsContextCustomizer$ImportsCleanupPostProcessor'
2025-05-29T15:01:23.507-03:00 DEBUG 34184 --- [           main] o.s.b.f.s.DefaultListableBeanFactory     : Creating shared instance of singleton bean 'embeddedDataSourceBeanFactoryPostProcessor'
2025-05-29T15:01:23.532-03:00  INFO 34184 --- [           main] beddedDataSourceBeanFactoryPostProcessor : Replacing 'dataSource' DataSource bean with embedded version
2025-05-29T15:01:23.759-03:00 DEBUG 34184 --- [           main] o.s.b.f.s.DefaultListableBeanFactory     : Creating shared instance of singleton bean 'org.springframework.boot.test.mock.mockito.MockitoPostProcessor'
2025-05-29T15:01:23.760-03:00 DEBUG 34184 --- [           main] o.s.b.f.s.DefaultListableBeanFactory     : Creating shared instance of singleton bean 'emBeanDefinitionRegistrarPostProcessor'
2025-05-29T15:01:23.761-03:00 DEBUG 34184 --- [           main] o.s.b.f.s.DefaultListableBeanFactory     : Creating shared instance of singleton bean 'org.springframework.boot.sql.init.dependency.DatabaseInitializationDependencyConfigurer$DependsOnDatabaseInitializationPostProcessor'
2025-05-29T15:01:23.829-03:00 DEBUG 34184 --- [           main] o.s.b.f.s.DefaultListableBeanFactory     : Creating shared instance of singleton bean 'org.springframework.context.event.internalEventListenerProcessor'
2025-05-29T15:01:23.834-03:00 DEBUG 34184 --- [           main] o.s.b.f.s.DefaultListableBeanFactory     : Creating shared instance of singleton bean 'org.springframework.context.event.internalEventListenerFactory'
2025-05-29T15:01:23.834-03:00 DEBUG 34184 --- [           main] o.s.b.f.s.DefaultListableBeanFactory     : Creating shared instance of singleton bean 'org.springframework.transaction.config.internalTransactionalEventListenerFactory'
2025-05-29T15:01:23.839-03:00 DEBUG 34184 --- [           main] o.s.b.f.s.DefaultListableBeanFactory     : Creating shared instance of singleton bean 'org.springframework.context.annotation.internalAutowiredAnnotationProcessor'
2025-05-29T15:01:23.842-03:00 DEBUG 34184 --- [           main] o.s.b.f.s.DefaultListableBeanFactory     : Creating shared instance of singleton bean 'org.springframework.context.annotation.internalCommonAnnotationProcessor'
2025-05-29T15:01:23.857-03:00 DEBUG 34184 --- [           main] o.s.b.f.s.DefaultListableBeanFactory     : Creating shared instance of singleton bean 'org.springframework.context.annotation.internalPersistenceAnnotationProcessor'
2025-05-29T15:01:23.857-03:00 DEBUG 34184 --- [           main] o.s.b.f.s.DefaultListableBeanFactory     : Creating shared instance of singleton bean 'org.springframework.boot.test.mock.mockito.MockitoPostProcessor$SpyPostProcessor'
2025-05-29T15:01:23.864-03:00 DEBUG 34184 --- [           main] o.s.b.f.s.DefaultListableBeanFactory     : Creating shared instance of singleton bean 'jdbcConnectionDetailsHikariBeanPostProcessor'
2025-05-29T15:01:23.872-03:00 DEBUG 34184 --- [           main] o.s.b.f.s.DefaultListableBeanFactory     : Creating shared instance of singleton bean 'org.springframework.boot.context.properties.ConfigurationPropertiesBindingPostProcessor'
2025-05-29T15:01:23.873-03:00 DEBUG 34184 --- [           main] o.s.b.f.s.DefaultListableBeanFactory     : Creating shared instance of singleton bean 'org.springframework.boot.context.internalConfigurationPropertiesBinder'
2025-05-29T15:01:23.881-03:00 DEBUG 34184 --- [           main] o.s.b.f.s.DefaultListableBeanFactory     : Creating shared instance of singleton bean 'org.springframework.aop.config.internalAutoProxyCreator'
2025-05-29T15:01:23.920-03:00 DEBUG 34184 --- [           main] o.s.b.f.s.DefaultListableBeanFactory     : Creating shared instance of singleton bean 'dataSourceScriptDatabaseInitializer'
2025-05-29T15:01:23.922-03:00 DEBUG 34184 --- [           main] o.s.b.f.s.DefaultListableBeanFactory     : Creating shared instance of singleton bean 'org.springframework.boot.autoconfigure.sql.init.DataSourceInitializationConfiguration'
2025-05-29T15:01:23.925-03:00 DEBUG 34184 --- [           main] o.s.b.f.s.DefaultListableBeanFactory     : Creating shared instance of singleton bean 'org.springframework.transaction.config.internalTransactionAdvisor'
2025-05-29T15:01:23.925-03:00 DEBUG 34184 --- [           main] o.s.b.f.s.DefaultListableBeanFactory     : Creating shared instance of singleton bean 'org.springframework.transaction.annotation.ProxyTransactionManagementConfiguration'
2025-05-29T15:01:23.944-03:00 DEBUG 34184 --- [           main] o.s.b.f.s.DefaultListableBeanFactory     : Creating shared instance of singleton bean 'transactionAttributeSource'
2025-05-29T15:01:23.949-03:00 DEBUG 34184 --- [           main] o.s.b.f.s.DefaultListableBeanFactory     : Creating shared instance of singleton bean 'transactionInterceptor'
2025-05-29T15:01:23.950-03:00 DEBUG 34184 --- [           main] o.s.b.f.s.DefaultListableBeanFactory     : Autowiring by type from bean name 'transactionInterceptor' via factory method to bean named 'transactionAttributeSource'
2025-05-29T15:01:23.964-03:00 DEBUG 34184 --- [           main] o.s.b.f.s.DefaultListableBeanFactory     : Autowiring by type from bean name 'org.springframework.transaction.config.internalTransactionAdvisor' via factory method to bean named 'transactionAttributeSource'
2025-05-29T15:01:23.965-03:00 DEBUG 34184 --- [           main] o.s.b.f.s.DefaultListableBeanFactory     : Autowiring by type from bean name 'org.springframework.transaction.config.internalTransactionAdvisor' via factory method to bean named 'transactionInterceptor'
2025-05-29T15:01:23.983-03:00 DEBUG 34184 --- [           main] o.s.b.f.s.DefaultListableBeanFactory     : Creating shared instance of singleton bean 'dataSource'
2025-05-29T15:01:24.027-03:00  INFO 34184 --- [           main] o.s.j.d.e.EmbeddedDatabaseFactory        : Starting embedded database: url='jdbc:h2:mem:f41f4bc9-286b-4f9a-a0e4-95b7879cd638;DB_CLOSE_DELAY=-1;DB_CLOSE_ON_EXIT=false', username='sa'
2025-05-29T15:01:24.045-03:00 DEBUG 34184 --- [           main] o.s.jdbc.datasource.DataSourceUtils      : Fetching JDBC Connection from DataSource
2025-05-29T15:01:24.045-03:00 DEBUG 34184 --- [           main] o.s.j.datasource.SimpleDriverDataSource  : Creating new JDBC Driver Connection to [jdbc:h2:mem:f41f4bc9-286b-4f9a-a0e4-95b7879cd638;DB_CLOSE_DELAY=-1;DB_CLOSE_ON_EXIT=false]
2025-05-29T15:01:24.463-03:00 DEBUG 34184 --- [           main] o.s.b.f.s.DefaultListableBeanFactory     : Creating shared instance of singleton bean 'spring.sql.init-org.springframework.boot.autoconfigure.sql.init.SqlInitializationProperties'
2025-05-29T15:01:24.476-03:00 DEBUG 34184 --- [           main] o.s.b.f.s.DefaultListableBeanFactory     : Creating shared instance of singleton bean 'org.springframework.boot.context.properties.BoundConfigurationProperties'
2025-05-29T15:01:24.514-03:00 DEBUG 34184 --- [           main] o.s.b.f.s.DefaultListableBeanFactory     : Autowiring by type from bean name 'dataSourceScriptDatabaseInitializer' via factory method to bean named 'dataSource'
2025-05-29T15:01:24.514-03:00 DEBUG 34184 --- [           main] o.s.b.f.s.DefaultListableBeanFactory     : Autowiring by type from bean name 'dataSourceScriptDatabaseInitializer' via factory method to bean named 'spring.sql.init-org.springframework.boot.autoconfigure.sql.init.SqlInitializationProperties'
2025-05-29T15:01:24.537-03:00 DEBUG 34184 --- [           main] o.s.jdbc.datasource.DataSourceUtils      : Fetching JDBC Connection from DataSource
2025-05-29T15:01:24.537-03:00 DEBUG 34184 --- [           main] o.s.j.datasource.SimpleDriverDataSource  : Creating new JDBC Driver Connection to [jdbc:h2:mem:f41f4bc9-286b-4f9a-a0e4-95b7879cd638;DB_CLOSE_DELAY=-1;DB_CLOSE_ON_EXIT=false]
2025-05-29T15:01:24.560-03:00 DEBUG 34184 --- [           main] o.s.jdbc.datasource.DataSourceUtils      : Fetching JDBC Connection from DataSource
2025-05-29T15:01:24.560-03:00 DEBUG 34184 --- [           main] o.s.j.datasource.SimpleDriverDataSource  : Creating new JDBC Driver Connection to [jdbc:h2:mem:f41f4bc9-286b-4f9a-a0e4-95b7879cd638;DB_CLOSE_DELAY=-1;DB_CLOSE_ON_EXIT=false]
2025-05-29T15:01:24.563-03:00 DEBUG 34184 --- [           main] o.s.jdbc.datasource.init.ScriptUtils     : Executing SQL script from file [C:\Users\actdigital\git\Estapar\target\classes\schema.sql]
2025-05-29T15:01:24.618-03:00 DEBUG 34184 --- [           main] o.s.jdbc.datasource.init.ScriptUtils     : 0 returned as update count for SQL: CREATE TABLE IF NOT EXISTS garage_sector ( id BIGSERIAL PRIMARY KEY, sector VARCHAR(50) NOT NULL UNIQUE, base_price DECIMAL(10,2) NOT NULL, max_capacity INTEGER NOT NULL, open_hour TIME NOT NULL, close_hour TIME NOT NULL, duration_limit_minutes INTEGER NOT NULL )
2025-05-29T15:01:24.661-03:00 DEBUG 34184 --- [           main] o.s.jdbc.datasource.init.ScriptUtils     : 0 returned as update count for SQL: CREATE TABLE IF NOT EXISTS spot ( id VARCHAR(50) PRIMARY KEY, sector_id BIGINT NOT NULL, latitude DOUBLE PRECISION NOT NULL, longitude DOUBLE PRECISION NOT NULL, FOREIGN KEY (sector_id) REFERENCES garage_sector(id) )
2025-05-29T15:01:24.665-03:00 DEBUG 34184 --- [           main] o.s.jdbc.datasource.init.ScriptUtils     : 0 returned as update count for SQL: CREATE TABLE IF NOT EXISTS parking_event ( id BIGSERIAL PRIMARY KEY, spot_id VARCHAR(50) NOT NULL, event_type VARCHAR(20) NOT NULL, event_time TIMESTAMP NOT NULL, FOREIGN KEY (spot_id) REFERENCES spot(id) )
2025-05-29T15:01:24.668-03:00 DEBUG 34184 --- [           main] o.s.jdbc.datasource.init.ScriptUtils     : 0 returned as update count for SQL: CREATE INDEX IF NOT EXISTS idx_spot_sector ON spot(sector_id)
2025-05-29T15:01:24.670-03:00 DEBUG 34184 --- [           main] o.s.jdbc.datasource.init.ScriptUtils     : 0 returned as update count for SQL: CREATE INDEX IF NOT EXISTS idx_parking_event_spot ON parking_event(spot_id)
2025-05-29T15:01:24.671-03:00 DEBUG 34184 --- [           main] o.s.jdbc.datasource.init.ScriptUtils     : 0 returned as update count for SQL: CREATE INDEX IF NOT EXISTS idx_parking_event_time ON parking_event(event_time)
2025-05-29T15:01:24.677-03:00 DEBUG 34184 --- [           main] o.s.jdbc.datasource.init.ScriptUtils     : Executed SQL script from file [C:\Users\actdigital\git\Estapar\target\classes\schema.sql] in 105 ms.
2025-05-29T15:01:24.679-03:00 DEBUG 34184 --- [           main] o.s.b.f.s.DefaultListableBeanFactory     : Creating shared instance of singleton bean 'entityManagerFactory'
2025-05-29T15:01:24.679-03:00 DEBUG 34184 --- [           main] o.s.b.f.s.DefaultListableBeanFactory     : Creating shared instance of singleton bean 'org.springframework.boot.autoconfigure.orm.jpa.HibernateJpaConfiguration'
2025-05-29T15:01:24.681-03:00 DEBUG 34184 --- [           main] o.s.b.f.s.DefaultListableBeanFactory     : Creating shared instance of singleton bean 'spring.jpa-org.springframework.boot.autoconfigure.orm.jpa.JpaProperties'
2025-05-29T15:01:24.698-03:00 DEBUG 34184 --- [           main] o.s.b.f.s.DefaultListableBeanFactory     : Creating shared instance of singleton bean 'spring.jpa.hibernate-org.springframework.boot.autoconfigure.orm.jpa.HibernateProperties'
2025-05-29T15:01:24.704-03:00 DEBUG 34184 --- [           main] o.s.b.f.s.DefaultListableBeanFactory     : Autowiring by type from bean name 'org.springframework.boot.autoconfigure.orm.jpa.HibernateJpaConfiguration' via constructor to bean named 'dataSource'
2025-05-29T15:01:24.705-03:00 DEBUG 34184 --- [           main] o.s.b.f.s.DefaultListableBeanFactory     : Autowiring by type from bean name 'org.springframework.boot.autoconfigure.orm.jpa.HibernateJpaConfiguration' via constructor to bean named 'spring.jpa-org.springframework.boot.autoconfigure.orm.jpa.JpaProperties'
2025-05-29T15:01:24.705-03:00 DEBUG 34184 --- [           main] o.s.b.f.s.DefaultListableBeanFactory     : Autowiring by type from bean name 'org.springframework.boot.autoconfigure.orm.jpa.HibernateJpaConfiguration' via constructor to bean named 'org.springframework.beans.factory.support.DefaultListableBeanFactory@6be6931f'
2025-05-29T15:01:24.705-03:00 DEBUG 34184 --- [           main] o.s.b.f.s.DefaultListableBeanFactory     : Autowiring by type from bean name 'org.springframework.boot.autoconfigure.orm.jpa.HibernateJpaConfiguration' via constructor to bean named 'spring.jpa.hibernate-org.springframework.boot.autoconfigure.orm.jpa.HibernateProperties'
2025-05-29T15:01:24.717-03:00 DEBUG 34184 --- [           main] o.s.b.f.s.DefaultListableBeanFactory     : Creating shared instance of singleton bean 'hikariPoolDataSourceMetadataProvider'
2025-05-29T15:01:24.719-03:00 DEBUG 34184 --- [           main] o.s.b.f.s.DefaultListableBeanFactory     : Creating shared instance of singleton bean 'org.springframework.boot.autoconfigure.jdbc.metadata.DataSourcePoolMetadataProvidersConfiguration$HikariPoolDataSourceMetadataProviderConfiguration'
2025-05-29T15:01:24.736-03:00 DEBUG 34184 --- [           main] o.s.b.f.s.DefaultListableBeanFactory     : Creating shared instance of singleton bean 'entityManagerFactoryBuilder'
2025-05-29T15:01:24.739-03:00 DEBUG 34184 --- [           main] o.s.b.f.s.DefaultListableBeanFactory     : Creating shared instance of singleton bean 'jpaVendorAdapter'
2025-05-29T15:01:24.788-03:00 DEBUG 34184 --- [           main] o.s.b.f.s.DefaultListableBeanFactory     : Autowiring by type from bean name 'entityManagerFactoryBuilder' via factory method to bean named 'jpaVendorAdapter'
2025-05-29T15:01:24.796-03:00 DEBUG 34184 --- [           main] o.s.b.f.s.DefaultListableBeanFactory     : Creating shared instance of singleton bean 'persistenceManagedTypes'
2025-05-29T15:01:24.804-03:00 DEBUG 34184 --- [           main] o.s.b.f.s.DefaultListableBeanFactory     : Autowiring by type from bean name 'persistenceManagedTypes' via factory method to bean named 'org.springframework.beans.factory.support.DefaultListableBeanFactory@6be6931f'
2025-05-29T15:01:24.804-03:00 DEBUG 34184 --- [           main] o.s.b.f.s.DefaultListableBeanFactory     : Autowiring by type from bean name 'persistenceManagedTypes' via factory method to bean named 'org.springframework.context.annotation.AnnotationConfigApplicationContext@6b4fc2d1'
2025-05-29T15:01:24.825-03:00 DEBUG 34184 --- [           main] o.s.b.f.s.DefaultListableBeanFactory     : Autowiring by type from bean name 'entityManagerFactory' via factory method to bean named 'entityManagerFactoryBuilder'
2025-05-29T15:01:24.825-03:00 DEBUG 34184 --- [           main] o.s.b.f.s.DefaultListableBeanFactory     : Autowiring by type from bean name 'entityManagerFactory' via factory method to bean named 'persistenceManagedTypes'
2025-05-29T15:01:24.873-03:00 DEBUG 34184 --- [           main] j.LocalContainerEntityManagerFactoryBean : Building JPA container EntityManagerFactory for persistence unit 'default'
2025-05-29T15:01:24.927-03:00  INFO 34184 --- [           main] o.hibernate.jpa.internal.util.LogHelper  : HHH000204: Processing PersistenceUnitInfo [name: default]
2025-05-29T15:01:25.106-03:00  INFO 34184 --- [           main] org.hibernate.Version                    : HHH000412: Hibernate ORM core version 6.4.4.Final
2025-05-29T15:01:25.181-03:00  INFO 34184 --- [           main] o.h.c.internal.RegionFactoryInitiator    : HHH000026: Second-level cache disabled
2025-05-29T15:01:25.414-03:00  INFO 34184 --- [           main] o.s.o.j.p.SpringPersistenceUnitInfo      : No LoadTimeWeaver setup: ignoring JPA class transformer
2025-05-29T15:01:25.460-03:00 DEBUG 34184 --- [           main] o.s.j.datasource.SimpleDriverDataSource  : Creating new JDBC Driver Connection to [jdbc:h2:mem:f41f4bc9-286b-4f9a-a0e4-95b7879cd638;DB_CLOSE_DELAY=-1;DB_CLOSE_ON_EXIT=false]
2025-05-29T15:01:25.487-03:00  WARN 34184 --- [           main] org.hibernate.dialect.Dialect            : HHH000511: The 2.2.0 version for [org.hibernate.dialect.PostgreSQLDialect] is no longer supported, hence certain features may not work properly. The minimum supported version is 12.0.0. Check the community dialects project for available legacy versions.
2025-05-29T15:01:25.498-03:00  WARN 34184 --- [           main] org.hibernate.orm.deprecation            : HHH90000025: PostgreSQLDialect does not need to be specified explicitly using 'hibernate.dialect' (remove the property setting and it will be selected by default)
2025-05-29T15:01:27.016-03:00  INFO 34184 --- [           main] o.h.e.t.j.p.i.JtaPlatformInitiator       : HHH000489: No JTA platform available (set 'hibernate.transaction.jta.platform' to enable JTA platform integration)
2025-05-29T15:01:27.037-03:00 DEBUG 34184 --- [           main] org.hibernate.SQL                        : 
    alter table if exists revenues 
       drop constraint if exists FKnwaj1opuwaeb5f2mmyjvxo5vv
Hibernate: 
    alter table if exists revenues 
       drop constraint if exists FKnwaj1opuwaeb5f2mmyjvxo5vv
2025-05-29T15:01:27.038-03:00 DEBUG 34184 --- [           main] o.s.j.datasource.SimpleDriverDataSource  : Creating new JDBC Driver Connection to [jdbc:h2:mem:f41f4bc9-286b-4f9a-a0e4-95b7879cd638;DB_CLOSE_DELAY=-1;DB_CLOSE_ON_EXIT=false]
2025-05-29T15:01:27.039-03:00 DEBUG 34184 --- [           main] org.hibernate.SQL                        : 
    drop table if exists garage_sectors cascade
Hibernate: 
    drop table if exists garage_sectors cascade
2025-05-29T15:01:27.040-03:00 DEBUG 34184 --- [           main] org.hibernate.SQL                        : 
    drop table if exists parking_events cascade
Hibernate: 
    drop table if exists parking_events cascade
2025-05-29T15:01:27.040-03:00 DEBUG 34184 --- [           main] org.hibernate.SQL                        : 
    drop table if exists parking_spots cascade
Hibernate: 
    drop table if exists parking_spots cascade
2025-05-29T15:01:27.040-03:00 DEBUG 34184 --- [           main] org.hibernate.SQL                        : 
    drop table if exists revenues cascade
Hibernate: 
    drop table if exists revenues cascade
2025-05-29T15:01:27.052-03:00 DEBUG 34184 --- [           main] org.hibernate.SQL                        : 
    create table garage_sectors (
        base_price numeric(38,2) not null,
        close_hour time(6) not null,
        current_occupancy integer not null,
        duration_limit_minutes integer not null,
        max_capacity integer not null,
        open_hour time(6) not null,
        id varchar(255) not null,
        primary key (id)
    )
Hibernate: 
    create table garage_sectors (
        base_price numeric(38,2) not null,
        close_hour time(6) not null,
        current_occupancy integer not null,
        duration_limit_minutes integer not null,
        max_capacity integer not null,
        open_hour time(6) not null,
        id varchar(255) not null,
        primary key (id)
    )
2025-05-29T15:01:27.052-03:00 DEBUG 34184 --- [           main] o.s.j.datasource.SimpleDriverDataSource  : Creating new JDBC Driver Connection to [jdbc:h2:mem:f41f4bc9-286b-4f9a-a0e4-95b7879cd638;DB_CLOSE_DELAY=-1;DB_CLOSE_ON_EXIT=false]
2025-05-29T15:01:27.054-03:00 DEBUG 34184 --- [           main] org.hibernate.SQL                        : 
    create table parking_events (
        latitude float(53),
        longitude float(53),
        price numeric(38,2),
        id bigserial not null,
        timestamp timestamp(6) not null,
        license_plate varchar(255) not null,
        sector_id varchar(255),
        type varchar(255) not null,
        primary key (id)
    )
Hibernate: 
    create table parking_events (
        latitude float(53),
        longitude float(53),
        price numeric(38,2),
        id bigserial not null,
        timestamp timestamp(6) not null,
        license_plate varchar(255) not null,
        sector_id varchar(255),
        type varchar(255) not null,
        primary key (id)
    )
2025-05-29T15:01:27.055-03:00 DEBUG 34184 --- [           main] org.hibernate.SQL                        : 
    create table parking_spots (
        latitude float(53) not null,
        longitude float(53) not null,
        occupied boolean not null,
        entry_time timestamp(6),
        id bigserial not null,
        license_plate varchar(255),
        sector_id varchar(255) not null,
        primary key (id),
        unique (license_plate, entry_time),
        unique (latitude, longitude, entry_time)
    )
Hibernate: 
    create table parking_spots (
        latitude float(53) not null,
        longitude float(53) not null,
        occupied boolean not null,
        entry_time timestamp(6),
        id bigserial not null,
        license_plate varchar(255),
        sector_id varchar(255) not null,
        primary key (id),
        unique (license_plate, entry_time),
        unique (latitude, longitude, entry_time)
    )
2025-05-29T15:01:27.058-03:00 DEBUG 34184 --- [           main] org.hibernate.SQL                        : 
    create table revenues (
        amount numeric(38,2) not null,
        id bigserial not null,
        timestamp timestamp(6) not null,
        currency varchar(255) not null,
        sector_id varchar(255) not null,
        primary key (id)
    )
Hibernate: 
    create table revenues (
        amount numeric(38,2) not null,
        id bigserial not null,
        timestamp timestamp(6) not null,
        currency varchar(255) not null,
        sector_id varchar(255) not null,
        primary key (id)
    )
2025-05-29T15:01:27.061-03:00 DEBUG 34184 --- [           main] org.hibernate.SQL                        : 
    alter table if exists revenues 
       add constraint FKnwaj1opuwaeb5f2mmyjvxo5vv 
       foreign key (sector_id) 
       references garage_sectors
Hibernate: 
    alter table if exists revenues 
       add constraint FKnwaj1opuwaeb5f2mmyjvxo5vv 
       foreign key (sector_id) 
       references garage_sectors
2025-05-29T15:01:27.094-03:00  INFO 34184 --- [           main] j.LocalContainerEntityManagerFactoryBean : Initialized JPA EntityManagerFactory for persistence unit 'default'
2025-05-29T15:01:27.141-03:00 DEBUG 34184 --- [           main] o.s.b.f.s.DefaultListableBeanFactory     : Creating shared instance of singleton bean 'parkingManagementApplication'
2025-05-29T15:01:27.153-03:00 DEBUG 34184 --- [           main] o.s.b.f.s.DefaultListableBeanFactory     : Creating shared instance of singleton bean 'org.springframework.boot.test.autoconfigure.jdbc.TestDatabaseAutoConfiguration'
2025-05-29T15:01:27.173-03:00 DEBUG 34184 --- [           main] o.s.b.f.s.DefaultListableBeanFactory     : Creating shared instance of singleton bean 'org.springframework.boot.autoconfigure.jdbc.DataSourceConfiguration$Hikari'
2025-05-29T15:01:27.178-03:00 DEBUG 34184 --- [           main] o.s.b.f.s.DefaultListableBeanFactory     : Creating shared instance of singleton bean 'org.springframework.boot.autoconfigure.jdbc.DataSourceAutoConfiguration$PooledDataSourceConfiguration'
2025-05-29T15:01:27.180-03:00 DEBUG 34184 --- [           main] o.s.b.f.s.DefaultListableBeanFactory     : Creating shared instance of singleton bean 'jdbcConnectionDetails'
2025-05-29T15:01:27.184-03:00 DEBUG 34184 --- [           main] o.s.b.f.s.DefaultListableBeanFactory     : Creating shared instance of singleton bean 'spring.datasource-org.springframework.boot.autoconfigure.jdbc.DataSourceProperties'
2025-05-29T15:01:27.208-03:00 DEBUG 34184 --- [           main] o.s.b.f.s.DefaultListableBeanFactory     : Autowiring by type from bean name 'jdbcConnectionDetails' via factory method to bean named 'spring.datasource-org.springframework.boot.autoconfigure.jdbc.DataSourceProperties'
2025-05-29T15:01:27.212-03:00 DEBUG 34184 --- [           main] o.s.b.f.s.DefaultListableBeanFactory     : Creating shared instance of singleton bean 'org.springframework.boot.autoconfigure.jdbc.metadata.DataSourcePoolMetadataProvidersConfiguration'
2025-05-29T15:01:27.214-03:00 DEBUG 34184 --- [           main] o.s.b.f.s.DefaultListableBeanFactory     : Creating shared instance of singleton bean 'org.springframework.boot.autoconfigure.jdbc.DataSourceAutoConfiguration'
2025-05-29T15:01:27.217-03:00 DEBUG 34184 --- [           main] o.s.b.f.s.DefaultListableBeanFactory     : Creating shared instance of singleton bean 'org.springframework.boot.context.properties.EnableConfigurationPropertiesRegistrar.methodValidationExcludeFilter'
2025-05-29T15:01:27.233-03:00 DEBUG 34184 --- [           main] o.s.b.f.s.DefaultListableBeanFactory     : Creating shared instance of singleton bean 'org.springframework.boot.autoconfigure.orm.jpa.JpaBaseConfiguration$PersistenceManagedTypesConfiguration'
2025-05-29T15:01:27.237-03:00 DEBUG 34184 --- [           main] o.s.b.f.s.DefaultListableBeanFactory     : Creating shared instance of singleton bean 'transactionManager'
2025-05-29T15:01:27.271-03:00 DEBUG 34184 --- [           main] o.s.b.f.s.DefaultListableBeanFactory     : Creating shared instance of singleton bean 'org.springframework.boot.autoconfigure.orm.jpa.HibernateJpaAutoConfiguration'
2025-05-29T15:01:27.273-03:00 DEBUG 34184 --- [           main] o.s.b.f.s.DefaultListableBeanFactory     : Creating shared instance of singleton bean 'org.springframework.boot.autoconfigure.data.jpa.JpaRepositoriesAutoConfiguration'
2025-05-29T15:01:27.275-03:00 DEBUG 34184 --- [           main] o.s.b.f.s.DefaultListableBeanFactory     : Creating shared instance of singleton bean 'jpaSharedEM_entityManagerFactory'
2025-05-29T15:01:27.319-03:00 DEBUG 34184 --- [           main] o.s.b.f.s.DefaultListableBeanFactory     : Creating shared instance of singleton bean 'org.springframework.data.jpa.util.JpaMetamodelCacheCleanup'
2025-05-29T15:01:27.320-03:00 DEBUG 34184 --- [           main] o.s.b.f.s.DefaultListableBeanFactory     : Creating shared instance of singleton bean 'org.springframework.data.jpa.repository.support.JpaEvaluationContextExtension'
2025-05-29T15:01:27.323-03:00 DEBUG 34184 --- [           main] o.s.b.f.s.DefaultListableBeanFactory     : Creating shared instance of singleton bean 'jpa.named-queries#0'
2025-05-29T15:01:27.331-03:00 DEBUG 34184 --- [           main] o.s.b.f.s.DefaultListableBeanFactory     : Creating shared instance of singleton bean 'jpa.ParkingEventRepository.fragments#0'
2025-05-29T15:01:27.340-03:00 DEBUG 34184 --- [           main] o.s.b.f.s.DefaultListableBeanFactory     : Creating shared instance of singleton bean 'parkingEventRepository'
2025-05-29T15:01:27.403-03:00 DEBUG 34184 --- [           main] o.s.b.f.s.DefaultListableBeanFactory     : Creating shared instance of singleton bean 'jpaMappingContext'
2025-05-29T15:01:27.405-03:00 DEBUG 34184 --- [           main] .c.JpaMetamodelMappingContextFactoryBean : Initializing JpaMetamodelMappingContext…
2025-05-29T15:01:27.433-03:00 DEBUG 34184 --- [           main] .c.JpaMetamodelMappingContextFactoryBean : Finished initializing JpaMetamodelMappingContext
2025-05-29T15:01:27.493-03:00 DEBUG 34184 --- [           main] tor$SharedEntityManagerInvocationHandler : Creating new EntityManager for shared EntityManager invocation
2025-05-29T15:01:27.572-03:00 DEBUG 34184 --- [           main] tor$SharedEntityManagerInvocationHandler : Creating new EntityManager for shared EntityManager invocation
2025-05-29T15:01:27.680-03:00 DEBUG 34184 --- [           main] o.s.d.r.c.s.RepositoryFactorySupport     : Initializing repository instance for com.estapar.parking.repository.ParkingEventRepository…
2025-05-29T15:01:27.722-03:00 DEBUG 34184 --- [           main] tor$SharedEntityManagerInvocationHandler : Creating new EntityManager for shared EntityManager invocation
2025-05-29T15:01:27.988-03:00  INFO 34184 --- [           main] o.s.d.j.r.query.QueryEnhancerFactory     : Hibernate is in classpath; If applicable, HQL parser will be used.
2025-05-29T15:01:28.488-03:00 DEBUG 34184 --- [           main] o.s.d.jpa.repository.query.NamedQuery    : Did not find named query ParkingEvent.calculateRevenueByDateAndSector.count
2025-05-29T15:01:28.492-03:00 DEBUG 34184 --- [           main] tor$SharedEntityManagerInvocationHandler : Creating new EntityManager for shared EntityManager invocation
2025-05-29T15:01:29.201-03:00 DEBUG 34184 --- [           main] o.s.d.jpa.repository.query.NamedQuery    : Looking up named query ParkingEvent.findByLicensePlateOrderByTimestampDesc
2025-05-29T15:01:29.202-03:00 DEBUG 34184 --- [           main] o.s.d.jpa.repository.query.NamedQuery    : Did not find named query ParkingEvent.findByLicensePlateOrderByTimestampDesc
2025-05-29T15:01:29.205-03:00 DEBUG 34184 --- [           main] tor$SharedEntityManagerInvocationHandler : Creating new EntityManager for shared EntityManager invocation
2025-05-29T15:01:29.250-03:00 DEBUG 34184 --- [           main] o.s.d.jpa.repository.query.NamedQuery    : Looking up named query ParkingEvent.findBySectorIdOrderByTimestampDesc
2025-05-29T15:01:29.251-03:00 DEBUG 34184 --- [           main] o.s.d.jpa.repository.query.NamedQuery    : Did not find named query ParkingEvent.findBySectorIdOrderByTimestampDesc
2025-05-29T15:01:29.251-03:00 DEBUG 34184 --- [           main] tor$SharedEntityManagerInvocationHandler : Creating new EntityManager for shared EntityManager invocation
2025-05-29T15:01:29.252-03:00 DEBUG 34184 --- [           main] o.s.d.jpa.repository.query.NamedQuery    : Looking up named query ParkingEvent.findByLicensePlateAndTypeOrderByTimestampDesc
2025-05-29T15:01:29.252-03:00 DEBUG 34184 --- [           main] o.s.d.jpa.repository.query.NamedQuery    : Did not find named query ParkingEvent.findByLicensePlateAndTypeOrderByTimestampDesc
2025-05-29T15:01:29.253-03:00 DEBUG 34184 --- [           main] tor$SharedEntityManagerInvocationHandler : Creating new EntityManager for shared EntityManager invocation
2025-05-29T15:01:29.259-03:00 DEBUG 34184 --- [           main] o.s.d.r.c.s.RepositoryFactorySupport     : Finished creation of repository instance for com.estapar.parking.repository.ParkingEventRepository.
2025-05-29T15:01:29.263-03:00 DEBUG 34184 --- [           main] o.s.b.f.s.DefaultListableBeanFactory     : Creating shared instance of singleton bean 'jpa.named-queries#1'
2025-05-29T15:01:29.266-03:00 DEBUG 34184 --- [           main] o.s.b.f.s.DefaultListableBeanFactory     : Creating shared instance of singleton bean 'jpa.ParkingSpotRepository.fragments#0'
2025-05-29T15:01:29.266-03:00 DEBUG 34184 --- [           main] o.s.b.f.s.DefaultListableBeanFactory     : Creating shared instance of singleton bean 'parkingSpotRepository'
2025-05-29T15:01:29.275-03:00 DEBUG 34184 --- [           main] tor$SharedEntityManagerInvocationHandler : Creating new EntityManager for shared EntityManager invocation
2025-05-29T15:01:29.294-03:00 DEBUG 34184 --- [           main] o.s.d.r.c.s.RepositoryFactorySupport     : Initializing repository instance for com.estapar.parking.repository.ParkingSpotRepository…
2025-05-29T15:01:29.295-03:00 DEBUG 34184 --- [           main] tor$SharedEntityManagerInvocationHandler : Creating new EntityManager for shared EntityManager invocation
2025-05-29T15:01:29.351-03:00 DEBUG 34184 --- [           main] o.s.d.jpa.repository.query.NamedQuery    : Did not find named query ParkingSpot.findBySectorIdAndEntryTime.count
2025-05-29T15:01:29.351-03:00 DEBUG 34184 --- [           main] tor$SharedEntityManagerInvocationHandler : Creating new EntityManager for shared EntityManager invocation
2025-05-29T15:01:29.360-03:00 DEBUG 34184 --- [           main] o.s.d.jpa.repository.query.NamedQuery    : Looking up named query ParkingSpot.findBySectorIdAndOccupiedTrue
2025-05-29T15:01:29.360-03:00 DEBUG 34184 --- [           main] o.s.d.jpa.repository.query.NamedQuery    : Did not find named query ParkingSpot.findBySectorIdAndOccupiedTrue
2025-05-29T15:01:29.361-03:00 DEBUG 34184 --- [           main] tor$SharedEntityManagerInvocationHandler : Creating new EntityManager for shared EntityManager invocation
2025-05-29T15:01:29.364-03:00 DEBUG 34184 --- [           main] o.s.d.jpa.repository.query.NamedQuery    : Looking up named query ParkingSpot.findFirstBySectorIdAndOccupiedFalse
2025-05-29T15:01:29.364-03:00 DEBUG 34184 --- [           main] o.s.d.jpa.repository.query.NamedQuery    : Did not find named query ParkingSpot.findFirstBySectorIdAndOccupiedFalse
2025-05-29T15:01:29.365-03:00 DEBUG 34184 --- [           main] tor$SharedEntityManagerInvocationHandler : Creating new EntityManager for shared EntityManager invocation
2025-05-29T15:01:29.366-03:00 DEBUG 34184 --- [           main] o.s.d.jpa.repository.query.NamedQuery    : Looking up named query ParkingSpot.findByLatitudeAndLongitude
2025-05-29T15:01:29.367-03:00 DEBUG 34184 --- [           main] o.s.d.jpa.repository.query.NamedQuery    : Did not find named query ParkingSpot.findByLatitudeAndLongitude
2025-05-29T15:01:29.367-03:00 DEBUG 34184 --- [           main] tor$SharedEntityManagerInvocationHandler : Creating new EntityManager for shared EntityManager invocation
2025-05-29T15:01:29.374-03:00 DEBUG 34184 --- [           main] o.s.d.jpa.repository.query.NamedQuery    : Looking up named query ParkingSpot.findBySectorIdAndOccupiedFalse
2025-05-29T15:01:29.376-03:00 DEBUG 34184 --- [           main] o.s.d.jpa.repository.query.NamedQuery    : Did not find named query ParkingSpot.findBySectorIdAndOccupiedFalse
2025-05-29T15:01:29.376-03:00 DEBUG 34184 --- [           main] tor$SharedEntityManagerInvocationHandler : Creating new EntityManager for shared EntityManager invocation
2025-05-29T15:01:29.380-03:00 DEBUG 34184 --- [           main] o.s.d.jpa.repository.query.NamedQuery    : Looking up named query ParkingSpot.findByLicensePlate
2025-05-29T15:01:29.384-03:00 DEBUG 34184 --- [           main] o.s.d.jpa.repository.query.NamedQuery    : Did not find named query ParkingSpot.findByLicensePlate
2025-05-29T15:01:29.385-03:00 DEBUG 34184 --- [           main] tor$SharedEntityManagerInvocationHandler : Creating new EntityManager for shared EntityManager invocation
2025-05-29T15:01:29.418-03:00 DEBUG 34184 --- [           main] o.s.d.jpa.repository.query.NamedQuery    : Did not find named query ParkingSpot.existsBySectorIdAndEntryTime.count
2025-05-29T15:01:29.419-03:00 DEBUG 34184 --- [           main] tor$SharedEntityManagerInvocationHandler : Creating new EntityManager for shared EntityManager invocation
2025-05-29T15:01:29.456-03:00 DEBUG 34184 --- [           main] o.s.d.r.c.s.RepositoryFactorySupport     : Finished creation of repository instance for com.estapar.parking.repository.ParkingSpotRepository.
2025-05-29T15:01:29.457-03:00 DEBUG 34184 --- [           main] o.s.b.f.s.DefaultListableBeanFactory     : Creating shared instance of singleton bean 'jpa.named-queries#2'
2025-05-29T15:01:29.459-03:00 DEBUG 34184 --- [           main] o.s.b.f.s.DefaultListableBeanFactory     : Creating shared instance of singleton bean 'jpa.RevenueRepository.fragments#0'
2025-05-29T15:01:29.460-03:00 DEBUG 34184 --- [           main] o.s.b.f.s.DefaultListableBeanFactory     : Creating shared instance of singleton bean 'revenueRepository'
2025-05-29T15:01:29.461-03:00 DEBUG 34184 --- [           main] tor$SharedEntityManagerInvocationHandler : Creating new EntityManager for shared EntityManager invocation
2025-05-29T15:01:29.471-03:00 DEBUG 34184 --- [           main] o.s.d.r.c.s.RepositoryFactorySupport     : Initializing repository instance for com.estapar.parking.repository.RevenueRepository…
2025-05-29T15:01:29.472-03:00 DEBUG 34184 --- [           main] tor$SharedEntityManagerInvocationHandler : Creating new EntityManager for shared EntityManager invocation
2025-05-29T15:01:29.483-03:00 DEBUG 34184 --- [           main] o.s.d.jpa.repository.query.NamedQuery    : Looking up named query Revenue.findBySectorIdAndTimestampBetween
2025-05-29T15:01:29.483-03:00 DEBUG 34184 --- [           main] o.s.d.jpa.repository.query.NamedQuery    : Did not find named query Revenue.findBySectorIdAndTimestampBetween
2025-05-29T15:01:29.484-03:00 DEBUG 34184 --- [           main] tor$SharedEntityManagerInvocationHandler : Creating new EntityManager for shared EntityManager invocation
2025-05-29T15:01:29.493-03:00 DEBUG 34184 --- [           main] o.s.d.r.c.s.RepositoryFactorySupport     : Finished creation of repository instance for com.estapar.parking.repository.RevenueRepository.
2025-05-29T15:01:29.494-03:00 DEBUG 34184 --- [           main] o.s.b.f.s.DefaultListableBeanFactory     : Creating shared instance of singleton bean 'jpa.named-queries#3'
2025-05-29T15:01:29.495-03:00 DEBUG 34184 --- [           main] o.s.b.f.s.DefaultListableBeanFactory     : Creating shared instance of singleton bean 'jpa.GarageSectorRepository.fragments#0'
2025-05-29T15:01:29.495-03:00 DEBUG 34184 --- [           main] o.s.b.f.s.DefaultListableBeanFactory     : Creating shared instance of singleton bean 'garageSectorRepository'
2025-05-29T15:01:29.497-03:00 DEBUG 34184 --- [           main] tor$SharedEntityManagerInvocationHandler : Creating new EntityManager for shared EntityManager invocation
2025-05-29T15:01:29.498-03:00 DEBUG 34184 --- [           main] o.s.d.r.c.s.RepositoryFactorySupport     : Initializing repository instance for com.estapar.parking.repository.GarageSectorRepository…
2025-05-29T15:01:29.499-03:00 DEBUG 34184 --- [           main] tor$SharedEntityManagerInvocationHandler : Creating new EntityManager for shared EntityManager invocation
2025-05-29T15:01:29.512-03:00 DEBUG 34184 --- [           main] o.s.d.r.c.s.RepositoryFactorySupport     : Finished creation of repository instance for com.estapar.parking.repository.GarageSectorRepository.
2025-05-29T15:01:29.512-03:00 DEBUG 34184 --- [           main] o.s.b.f.s.DefaultListableBeanFactory     : Creating shared instance of singleton bean 'data-jpa.repository-aot-processor#0'
2025-05-29T15:01:29.526-03:00 DEBUG 34184 --- [           main] o.s.b.f.s.DefaultListableBeanFactory     : Creating shared instance of singleton bean 'org.springframework.boot.autoconfigure.jdbc.JdbcTemplateConfiguration'
2025-05-29T15:01:29.526-03:00 DEBUG 34184 --- [           main] o.s.b.f.s.DefaultListableBeanFactory     : Creating shared instance of singleton bean 'jdbcTemplate'
2025-05-29T15:01:29.526-03:00 DEBUG 34184 --- [           main] o.s.b.f.s.DefaultListableBeanFactory     : Creating shared instance of singleton bean 'spring.jdbc-org.springframework.boot.autoconfigure.jdbc.JdbcProperties'
2025-05-29T15:01:29.527-03:00 DEBUG 34184 --- [           main] o.s.b.f.s.DefaultListableBeanFactory     : Autowiring by type from bean name 'jdbcTemplate' via factory method to bean named 'dataSource'
2025-05-29T15:01:29.528-03:00 DEBUG 34184 --- [           main] o.s.b.f.s.DefaultListableBeanFactory     : Autowiring by type from bean name 'jdbcTemplate' via factory method to bean named 'spring.jdbc-org.springframework.boot.autoconfigure.jdbc.JdbcProperties'
2025-05-29T15:01:29.563-03:00 DEBUG 34184 --- [           main] o.s.b.f.s.DefaultListableBeanFactory     : Creating shared instance of singleton bean 'org.springframework.boot.autoconfigure.jdbc.NamedParameterJdbcTemplateConfiguration'
2025-05-29T15:01:29.564-03:00 DEBUG 34184 --- [           main] o.s.b.f.s.DefaultListableBeanFactory     : Creating shared instance of singleton bean 'namedParameterJdbcTemplate'
2025-05-29T15:01:29.566-03:00 DEBUG 34184 --- [           main] o.s.b.f.s.DefaultListableBeanFactory     : Autowiring by type from bean name 'namedParameterJdbcTemplate' via factory method to bean named 'jdbcTemplate'
2025-05-29T15:01:29.586-03:00 DEBUG 34184 --- [           main] o.s.b.f.s.DefaultListableBeanFactory     : Creating shared instance of singleton bean 'org.springframework.boot.autoconfigure.jdbc.JdbcTemplateAutoConfiguration'
2025-05-29T15:01:29.589-03:00 DEBUG 34184 --- [           main] o.s.b.f.s.DefaultListableBeanFactory     : Creating shared instance of singleton bean 'org.springframework.boot.autoconfigure.jdbc.JdbcClientAutoConfiguration'
2025-05-29T15:01:29.591-03:00 DEBUG 34184 --- [           main] o.s.b.f.s.DefaultListableBeanFactory     : Creating shared instance of singleton bean 'jdbcClient'
2025-05-29T15:01:29.593-03:00 DEBUG 34184 --- [           main] o.s.b.f.s.DefaultListableBeanFactory     : Autowiring by type from bean name 'jdbcClient' via factory method to bean named 'namedParameterJdbcTemplate'
2025-05-29T15:01:29.613-03:00 DEBUG 34184 --- [           main] o.s.b.f.s.DefaultListableBeanFactory     : Creating shared instance of singleton bean 'org.springframework.boot.autoconfigure.sql.init.SqlInitializationAutoConfiguration'
2025-05-29T15:01:29.619-03:00 DEBUG 34184 --- [           main] o.s.b.f.s.DefaultListableBeanFactory     : Creating shared instance of singleton bean 'org.springframework.boot.autoconfigure.jdbc.DataSourceTransactionManagerAutoConfiguration$JdbcTransactionManagerConfiguration'
2025-05-29T15:01:29.624-03:00 DEBUG 34184 --- [           main] o.s.b.f.s.DefaultListableBeanFactory     : Creating shared instance of singleton bean 'org.springframework.boot.autoconfigure.jdbc.DataSourceTransactionManagerAutoConfiguration'
2025-05-29T15:01:29.626-03:00 DEBUG 34184 --- [           main] o.s.b.f.s.DefaultListableBeanFactory     : Creating shared instance of singleton bean 'org.springframework.boot.autoconfigure.transaction.TransactionAutoConfiguration$EnableTransactionManagementConfiguration$CglibAutoProxyConfiguration'
2025-05-29T15:01:29.629-03:00 DEBUG 34184 --- [           main] o.s.b.f.s.DefaultListableBeanFactory     : Creating shared instance of singleton bean 'org.springframework.boot.autoconfigure.transaction.TransactionAutoConfiguration$EnableTransactionManagementConfiguration'
2025-05-29T15:01:29.636-03:00 DEBUG 34184 --- [           main] o.s.b.f.s.DefaultListableBeanFactory     : Creating shared instance of singleton bean 'org.springframework.boot.autoconfigure.transaction.TransactionAutoConfiguration$TransactionTemplateConfiguration'
2025-05-29T15:01:29.640-03:00 DEBUG 34184 --- [           main] o.s.b.f.s.DefaultListableBeanFactory     : Creating shared instance of singleton bean 'transactionTemplate'
2025-05-29T15:01:29.641-03:00 DEBUG 34184 --- [           main] o.s.b.f.s.DefaultListableBeanFactory     : Autowiring by type from bean name 'transactionTemplate' via factory method to bean named 'transactionManager'
2025-05-29T15:01:29.647-03:00 DEBUG 34184 --- [           main] o.s.b.f.s.DefaultListableBeanFactory     : Creating shared instance of singleton bean 'org.springframework.boot.autoconfigure.transaction.TransactionAutoConfiguration'
2025-05-29T15:01:29.648-03:00 DEBUG 34184 --- [           main] o.s.b.f.s.DefaultListableBeanFactory     : Creating shared instance of singleton bean 'org.springframework.boot.test.autoconfigure.orm.jpa.TestEntityManagerAutoConfiguration'
2025-05-29T15:01:29.649-03:00 DEBUG 34184 --- [           main] o.s.b.f.s.DefaultListableBeanFactory     : Creating shared instance of singleton bean 'testEntityManager'
2025-05-29T15:01:29.650-03:00 DEBUG 34184 --- [           main] o.s.b.f.s.DefaultListableBeanFactory     : Autowiring by type from bean name 'testEntityManager' via factory method to bean named 'entityManagerFactory'
2025-05-29T15:01:29.665-03:00 DEBUG 34184 --- [           main] o.s.c.support.DefaultLifecycleProcessor  : Starting beans in phase -2147483647
2025-05-29T15:01:29.665-03:00 DEBUG 34184 --- [           main] o.s.c.support.DefaultLifecycleProcessor  : Successfully started bean 'springBootLoggingLifecycle'
2025-05-29T15:01:29.673-03:00 DEBUG 34184 --- [           main] .s.b.a.l.ConditionEvaluationReportLogger : 


============================
CONDITIONS EVALUATION REPORT
============================


Positive matches:
-----------------

   DataSourceAutoConfiguration matched:
      - @ConditionalOnClass found required classes 'javax.sql.DataSource', 'org.springframework.jdbc.datasource.embedded.EmbeddedDatabaseType' (OnClassCondition)
      - @ConditionalOnMissingBean (types: io.r2dbc.spi.ConnectionFactory; SearchStrategy: all) did not find any beans (OnBeanCondition)

   DataSourceAutoConfiguration.PooledDataSourceConfiguration matched:
      - AnyNestedCondition 1 matched 1 did not; NestedCondition on DataSourceAutoConfiguration.PooledDataSourceCondition.PooledDataSourceAvailable PooledDataSource found supported DataSource; NestedCondition on DataSourceAutoConfiguration.PooledDataSourceCondition.ExplicitType @ConditionalOnProperty (spring.datasource.type) did not find property 'type' (DataSourceAutoConfiguration.PooledDataSourceCondition)
      - @ConditionalOnMissingBean (types: javax.sql.DataSource,javax.sql.XADataSource; SearchStrategy: all) did not find any beans (OnBeanCondition)

   DataSourceAutoConfiguration.PooledDataSourceConfiguration#jdbcConnectionDetails matched:
      - @ConditionalOnMissingBean (types: org.springframework.boot.autoconfigure.jdbc.JdbcConnectionDetails; SearchStrategy: all) did not find any beans (OnBeanCondition)

   DataSourceConfiguration.Hikari matched:
      - @ConditionalOnClass found required class 'com.zaxxer.hikari.HikariDataSource' (OnClassCondition)
      - @ConditionalOnProperty (spring.datasource.type=com.zaxxer.hikari.HikariDataSource) matched (OnPropertyCondition)
      - @ConditionalOnMissingBean (types: javax.sql.DataSource; SearchStrategy: all) did not find any beans (OnBeanCondition)

   DataSourceInitializationConfiguration matched:
      - @ConditionalOnClass found required class 'org.springframework.jdbc.datasource.init.DatabasePopulator' (OnClassCondition)
      - @ConditionalOnSingleCandidate (types: javax.sql.DataSource; SearchStrategy: all) found a single bean 'dataSource'; @ConditionalOnMissingBean (types: org.springframework.boot.autoconfigure.sql.init.SqlDataSourceScriptDatabaseInitializer,org.springframework.boot.autoconfigure.sql.init.SqlR2dbcScriptDatabaseInitializer; SearchStrategy: all) did not find any beans (OnBeanCondition)

   DataSourcePoolMetadataProvidersConfiguration.HikariPoolDataSourceMetadataProviderConfiguration matched:
      - @ConditionalOnClass found required class 'com.zaxxer.hikari.HikariDataSource' (OnClassCondition)

   DataSourceTransactionManagerAutoConfiguration matched:
      - @ConditionalOnClass found required classes 'org.springframework.jdbc.core.JdbcTemplate', 'org.springframework.transaction.TransactionManager' (OnClassCondition)

   DataSourceTransactionManagerAutoConfiguration.JdbcTransactionManagerConfiguration matched:
      - @ConditionalOnSingleCandidate (types: javax.sql.DataSource; SearchStrategy: all) found a single bean 'dataSource' (OnBeanCondition)

   HibernateJpaAutoConfiguration matched:
      - @ConditionalOnClass found required classes 'org.springframework.orm.jpa.LocalContainerEntityManagerFactoryBean', 'jakarta.persistence.EntityManager', 'org.hibernate.engine.spi.SessionImplementor' (OnClassCondition)

   HibernateJpaConfiguration matched:
      - @ConditionalOnSingleCandidate (types: javax.sql.DataSource; SearchStrategy: all) found a single bean 'dataSource' (OnBeanCondition)

   JdbcClientAutoConfiguration matched:
      - @ConditionalOnSingleCandidate (types: org.springframework.jdbc.core.namedparam.NamedParameterJdbcTemplate; SearchStrategy: all) found a single bean 'namedParameterJdbcTemplate'; @ConditionalOnMissingBean (types: org.springframework.jdbc.core.simple.JdbcClient; SearchStrategy: all) did not find any beans (OnBeanCondition)

   JdbcTemplateAutoConfiguration matched:
      - @ConditionalOnClass found required classes 'javax.sql.DataSource', 'org.springframework.jdbc.core.JdbcTemplate' (OnClassCondition)
      - @ConditionalOnSingleCandidate (types: javax.sql.DataSource; SearchStrategy: all) found a single bean 'dataSource' (OnBeanCondition)

   JdbcTemplateConfiguration matched:
      - @ConditionalOnMissingBean (types: org.springframework.jdbc.core.JdbcOperations; SearchStrategy: all) did not find any beans (OnBeanCondition)

   JpaBaseConfiguration#entityManagerFactory matched:
      - @ConditionalOnMissingBean (types: org.springframework.orm.jpa.LocalContainerEntityManagerFactoryBean,jakarta.persistence.EntityManagerFactory; SearchStrategy: all) did not find any beans (OnBeanCondition)

   JpaBaseConfiguration#entityManagerFactoryBuilder matched:
      - @ConditionalOnMissingBean (types: org.springframework.boot.orm.jpa.EntityManagerFactoryBuilder; SearchStrategy: all) did not find any beans (OnBeanCondition)

   JpaBaseConfiguration#jpaVendorAdapter matched:
      - @ConditionalOnMissingBean (types: org.springframework.orm.jpa.JpaVendorAdapter; SearchStrategy: all) did not find any beans (OnBeanCondition)

   JpaBaseConfiguration#transactionManager matched:
      - @ConditionalOnMissingBean (types: org.springframework.transaction.TransactionManager; SearchStrategy: all) did not find any beans (OnBeanCondition)

   JpaBaseConfiguration.PersistenceManagedTypesConfiguration matched:
      - @ConditionalOnMissingBean (types: org.springframework.orm.jpa.LocalContainerEntityManagerFactoryBean,jakarta.persistence.EntityManagerFactory; SearchStrategy: all) did not find any beans (OnBeanCondition)

   JpaBaseConfiguration.PersistenceManagedTypesConfiguration#persistenceManagedTypes matched:
      - @ConditionalOnMissingBean (types: org.springframework.orm.jpa.persistenceunit.PersistenceManagedTypes; SearchStrategy: all) did not find any beans (OnBeanCondition)

   JpaRepositoriesAutoConfiguration matched:
      - @ConditionalOnClass found required class 'org.springframework.data.jpa.repository.JpaRepository' (OnClassCondition)
      - @ConditionalOnProperty (spring.data.jpa.repositories.enabled=true) matched (OnPropertyCondition)
      - @ConditionalOnBean (types: javax.sql.DataSource; SearchStrategy: all) found bean 'dataSource'; @ConditionalOnMissingBean (types: org.springframework.data.jpa.repository.support.JpaRepositoryFactoryBean,org.springframework.data.jpa.repository.config.JpaRepositoryConfigExtension; SearchStrategy: all) did not find any beans (OnBeanCondition)

   NamedParameterJdbcTemplateConfiguration matched:
      - @ConditionalOnSingleCandidate (types: org.springframework.jdbc.core.JdbcTemplate; SearchStrategy: all) found a single bean 'jdbcTemplate'; @ConditionalOnMissingBean (types: org.springframework.jdbc.core.namedparam.NamedParameterJdbcOperations; SearchStrategy: all) did not find any beans (OnBeanCondition)

   NoOpCacheConfiguration matched:
      - Cache org.springframework.boot.autoconfigure.cache.NoOpCacheConfiguration NONE cache type (CacheCondition)

   SqlInitializationAutoConfiguration matched:
      - @ConditionalOnProperty (spring.sql.init.enabled) matched (OnPropertyCondition)
      - NoneNestedConditions 0 matched 1 did not; NestedCondition on SqlInitializationAutoConfiguration.SqlInitializationModeCondition.ModeIsNever @ConditionalOnProperty (spring.sql.init.mode=never) did not find property 'mode' (SqlInitializationAutoConfiguration.SqlInitializationModeCondition)

   TestDatabaseAutoConfiguration#embeddedDataSourceBeanFactoryPostProcessor matched:
      - @ConditionalOnProperty (spring.test.database.replace=ANY) matched (OnPropertyCondition)

   TestEntityManagerAutoConfiguration matched:
      - @ConditionalOnClass found required class 'jakarta.persistence.EntityManagerFactory' (OnClassCondition)

   TestEntityManagerAutoConfiguration#testEntityManager matched:
      - @ConditionalOnMissingBean (types: org.springframework.boot.test.autoconfigure.orm.jpa.TestEntityManager; SearchStrategy: all) did not find any beans (OnBeanCondition)

   TransactionAutoConfiguration matched:
      - @ConditionalOnClass found required class 'org.springframework.transaction.PlatformTransactionManager' (OnClassCondition)

   TransactionAutoConfiguration.EnableTransactionManagementConfiguration matched:
      - @ConditionalOnBean (types: org.springframework.transaction.TransactionManager; SearchStrategy: all) found bean 'transactionManager'; @ConditionalOnMissingBean (types: org.springframework.transaction.annotation.AbstractTransactionManagementConfiguration; SearchStrategy: all) did not find any beans (OnBeanCondition)

   TransactionAutoConfiguration.EnableTransactionManagementConfiguration.CglibAutoProxyConfiguration matched:
      - @ConditionalOnProperty (spring.aop.proxy-target-class=true) matched (OnPropertyCondition)

   TransactionAutoConfiguration.TransactionTemplateConfiguration matched:
      - @ConditionalOnSingleCandidate (types: org.springframework.transaction.PlatformTransactionManager; SearchStrategy: all) found a single bean 'transactionManager' (OnBeanCondition)

   TransactionAutoConfiguration.TransactionTemplateConfiguration#transactionTemplate matched:
      - @ConditionalOnMissingBean (types: org.springframework.transaction.support.TransactionOperations; SearchStrategy: all) did not find any beans (OnBeanCondition)


Negative matches:
-----------------

   Cache2kCacheConfiguration:
      Did not match:
         - @ConditionalOnClass did not find required class 'org.cache2k.Cache2kBuilder' (OnClassCondition)

   CacheAutoConfiguration:
      Did not match:
         - @ConditionalOnBean (types: org.springframework.cache.interceptor.CacheAspectSupport; SearchStrategy: all) did not find any beans of type org.springframework.cache.interceptor.CacheAspectSupport (OnBeanCondition)
      Matched:
         - @ConditionalOnClass found required class 'org.springframework.cache.CacheManager' (OnClassCondition)

   CacheAutoConfiguration.CacheManagerEntityManagerFactoryDependsOnPostProcessor:
      Did not match:
         - Ancestor org.springframework.boot.autoconfigure.cache.CacheAutoConfiguration did not match (ConditionEvaluationReport.AncestorsMatchedCondition)
      Matched:
         - @ConditionalOnClass found required class 'org.springframework.orm.jpa.LocalContainerEntityManagerFactoryBean' (OnClassCondition)

   CaffeineCacheConfiguration:
      Did not match:
         - @ConditionalOnClass did not find required class 'com.github.benmanes.caffeine.cache.Caffeine' (OnClassCondition)

   CouchbaseCacheConfiguration:
      Did not match:
         - @ConditionalOnClass did not find required class 'com.couchbase.client.java.Cluster' (OnClassCondition)

   DataSourceAutoConfiguration.EmbeddedDatabaseConfiguration:
      Did not match:
         - EmbeddedDataSource spring.datasource.url is set (DataSourceAutoConfiguration.EmbeddedDatabaseCondition)

   DataSourceCheckpointRestoreConfiguration:
      Did not match:
         - @ConditionalOnClass did not find required class 'org.crac.Resource' (OnClassCondition)

   DataSourceConfiguration.Dbcp2:
      Did not match:
         - @ConditionalOnClass did not find required class 'org.apache.commons.dbcp2.BasicDataSource' (OnClassCondition)

   DataSourceConfiguration.Generic:
      Did not match:
         - @ConditionalOnProperty (spring.datasource.type) did not find property 'spring.datasource.type' (OnPropertyCondition)

   DataSourceConfiguration.OracleUcp:
      Did not match:
         - @ConditionalOnClass did not find required classes 'oracle.ucp.jdbc.PoolDataSourceImpl', 'oracle.jdbc.OracleConnection' (OnClassCondition)

   DataSourceConfiguration.Tomcat:
      Did not match:
         - @ConditionalOnClass did not find required class 'org.apache.tomcat.jdbc.pool.DataSource' (OnClassCondition)

   DataSourceJmxConfiguration:
      Did not match:
         - @ConditionalOnProperty (spring.jmx.enabled=true) found different value in property 'enabled' (OnPropertyCondition)

   DataSourcePoolMetadataProvidersConfiguration.CommonsDbcp2PoolDataSourceMetadataProviderConfiguration:
      Did not match:
         - @ConditionalOnClass did not find required class 'org.apache.commons.dbcp2.BasicDataSource' (OnClassCondition)

   DataSourcePoolMetadataProvidersConfiguration.OracleUcpPoolDataSourceMetadataProviderConfiguration:
      Did not match:
         - @ConditionalOnClass did not find required classes 'oracle.ucp.jdbc.PoolDataSource', 'oracle.jdbc.OracleConnection' (OnClassCondition)

   DataSourcePoolMetadataProvidersConfiguration.TomcatDataSourcePoolMetadataProviderConfiguration:
      Did not match:
         - @ConditionalOnClass did not find required class 'org.apache.tomcat.jdbc.pool.DataSource' (OnClassCondition)

   DataSourceTransactionManagerAutoConfiguration.JdbcTransactionManagerConfiguration#transactionManager:
      Did not match:
         - @ConditionalOnMissingBean (types: org.springframework.transaction.TransactionManager; SearchStrategy: all) found beans of type 'org.springframework.transaction.TransactionManager' transactionManager (OnBeanCondition)

   FlywayAutoConfiguration:
      Did not match:
         - @ConditionalOnClass did not find required class 'org.flywaydb.core.Flyway' (OnClassCondition)

   GenericCacheConfiguration:
      Did not match:
         - Cache org.springframework.boot.autoconfigure.cache.GenericCacheConfiguration unknown cache type (CacheCondition)

   HazelcastCacheConfiguration:
      Did not match:
         - @ConditionalOnClass did not find required class 'com.hazelcast.core.HazelcastInstance' (OnClassCondition)

   InfinispanCacheConfiguration:
      Did not match:
         - @ConditionalOnClass did not find required class 'org.infinispan.spring.embedded.provider.SpringEmbeddedCacheManager' (OnClassCondition)

   JCacheCacheConfiguration:
      Did not match:
         - @ConditionalOnClass did not find required class 'javax.cache.Caching' (OnClassCondition)

   JpaBaseConfiguration.JpaWebConfiguration:
      Did not match:
         - not a servlet web application (OnWebApplicationCondition)
      Matched:
         - @ConditionalOnClass found required class 'org.springframework.web.servlet.config.annotation.WebMvcConfigurer' (OnClassCondition)

   JpaRepositoriesAutoConfiguration#entityManagerFactoryBootstrapExecutorCustomizer:
      Did not match:
         - AnyNestedCondition 0 matched 2 did not; NestedCondition on JpaRepositoriesAutoConfiguration.BootstrapExecutorCondition.LazyBootstrapMode @ConditionalOnProperty (spring.data.jpa.repositories.bootstrap-mode=lazy) found different value in property 'bootstrap-mode'; NestedCondition on JpaRepositoriesAutoConfiguration.BootstrapExecutorCondition.DeferredBootstrapMode @ConditionalOnProperty (spring.data.jpa.repositories.bootstrap-mode=deferred) found different value in property 'bootstrap-mode' (JpaRepositoriesAutoConfiguration.BootstrapExecutorCondition)

   LiquibaseAutoConfiguration:
      Did not match:
         - @ConditionalOnClass did not find required class 'liquibase.change.DatabaseChange' (OnClassCondition)

   R2dbcInitializationConfiguration:
      Did not match:
         - @ConditionalOnClass did not find required classes 'io.r2dbc.spi.ConnectionFactory', 'org.springframework.r2dbc.connection.init.DatabasePopulator' (OnClassCondition)

   RedisCacheConfiguration:
      Did not match:
         - @ConditionalOnClass did not find required class 'org.springframework.data.redis.connection.RedisConnectionFactory' (OnClassCondition)

   SimpleCacheConfiguration:
      Did not match:
         - Cache org.springframework.boot.autoconfigure.cache.SimpleCacheConfiguration unknown cache type (CacheCondition)

   TestDatabaseAutoConfiguration#dataSource:
      Did not match:
         - @ConditionalOnProperty (spring.test.database.replace=AUTO_CONFIGURED) did not find property 'replace' (OnPropertyCondition)

   TransactionAutoConfiguration#transactionalOperator:
      Did not match:
         - @ConditionalOnSingleCandidate (types: org.springframework.transaction.ReactiveTransactionManager; SearchStrategy: all) did not find any beans (OnBeanCondition)

   TransactionAutoConfiguration.AspectJTransactionManagementConfiguration:
      Did not match:
         - @ConditionalOnBean (types: org.springframework.transaction.aspectj.AbstractTransactionAspect; SearchStrategy: all) did not find any beans of type org.springframework.transaction.aspectj.AbstractTransactionAspect (OnBeanCondition)

   TransactionAutoConfiguration.EnableTransactionManagementConfiguration.JdkDynamicAutoProxyConfiguration:
      Did not match:
         - @ConditionalOnProperty (spring.aop.proxy-target-class=false) did not find property 'proxy-target-class' (OnPropertyCondition)


Exclusions:
-----------

    None


Unconditional classes:
----------------------

    org.springframework.boot.test.autoconfigure.jdbc.TestDatabaseAutoConfiguration



2025-05-29T15:01:29.674-03:00  INFO 34184 --- [           main] c.e.p.r.GarageSectorRepositoryTest       : Started GarageSectorRepositoryTest in 8.41 seconds (process running for 15.027)
2025-05-29T15:01:29.685-03:00 DEBUG 34184 --- [           main] org.springframework.test.context.cache   : Spring test ApplicationContext cache statistics: [DefaultContextCache@63100783 size = 1, maxSize = 32, parentContextCount = 0, hitCount = 0, missCount = 1, failureCount = 0]
2025-05-29T15:01:29.694-03:00 DEBUG 34184 --- [           main] org.springframework.test.context.cache   : Spring test ApplicationContext cache statistics: [DefaultContextCache@63100783 size = 1, maxSize = 32, parentContextCount = 0, hitCount = 1, missCount = 1, failureCount = 0]
2025-05-29T15:01:29.701-03:00 DEBUG 34184 --- [           main] sContextBeforeModesTestExecutionListener : Before test method: class [GarageSectorRepositoryTest], method [save_ShouldPersistNewSector], class annotated with @DirtiesContext [false] with mode [null], method annotated with @DirtiesContext [false] with mode [null]
2025-05-29T15:01:29.724-03:00 DEBUG 34184 --- [           main] t.c.t.TransactionalTestExecutionListener : Explicit transaction definition [PROPAGATION_REQUIRED,ISOLATION_DEFAULT] found for test class [com.estapar.parking.repository.GarageSectorRepositoryTest] and test method [save_ShouldPersistNewSector]
2025-05-29T15:01:29.724-03:00 DEBUG 34184 --- [           main] org.springframework.test.context.cache   : Spring test ApplicationContext cache statistics: [DefaultContextCache@63100783 size = 1, maxSize = 32, parentContextCount = 0, hitCount = 2, missCount = 1, failureCount = 0]
2025-05-29T15:01:29.726-03:00 DEBUG 34184 --- [           main] t.c.t.TransactionalTestExecutionListener : No method-level @Rollback override: using default rollback [true] for test method [void com.estapar.parking.repository.GarageSectorRepositoryTest.save_ShouldPersistNewSector()]
2025-05-29T15:01:29.728-03:00 DEBUG 34184 --- [           main] o.s.orm.jpa.JpaTransactionManager        : Creating new transaction with name [com.estapar.parking.repository.GarageSectorRepositoryTest.save_ShouldPersistNewSector]: PROPAGATION_REQUIRED,ISOLATION_DEFAULT
2025-05-29T15:01:29.729-03:00 DEBUG 34184 --- [           main] o.s.orm.jpa.JpaTransactionManager        : Opened new EntityManager [SessionImpl(301209060<open>)] for JPA transaction
2025-05-29T15:01:29.732-03:00 DEBUG 34184 --- [           main] o.s.j.datasource.SimpleDriverDataSource  : Creating new JDBC Driver Connection to [jdbc:h2:mem:f41f4bc9-286b-4f9a-a0e4-95b7879cd638;DB_CLOSE_DELAY=-1;DB_CLOSE_ON_EXIT=false]
2025-05-29T15:01:29.736-03:00 DEBUG 34184 --- [           main] o.s.orm.jpa.JpaTransactionManager        : Exposing JPA transaction as JDBC [org.springframework.orm.jpa.vendor.HibernateJpaDialect$HibernateConnectionHandle@6375af2a]
2025-05-29T15:01:29.738-03:00 DEBUG 34184 --- [           main] o.s.t.c.transaction.TransactionContext   : Began transaction (1) for test class [com.estapar.parking.repository.GarageSectorRepositoryTest]; test method [save_ShouldPersistNewSector]; transaction manager [org.springframework.orm.jpa.JpaTransactionManager@3e984100]; rollback [true]
2025-05-29T15:01:29.745-03:00 DEBUG 34184 --- [           main] org.springframework.test.context.cache   : Spring test ApplicationContext cache statistics: [DefaultContextCache@63100783 size = 1, maxSize = 32, parentContextCount = 0, hitCount = 3, missCount = 1, failureCount = 0]
2025-05-29T15:01:29.747-03:00 DEBUG 34184 --- [           main] org.springframework.test.context.cache   : Spring test ApplicationContext cache statistics: [DefaultContextCache@63100783 size = 1, maxSize = 32, parentContextCount = 0, hitCount = 4, missCount = 1, failureCount = 0]
2025-05-29T15:01:29.873-03:00 DEBUG 34184 --- [           main] org.hibernate.SQL                        : 
    insert 
    into
        garage_sectors
        (base_price, close_hour, current_occupancy, duration_limit_minutes, max_capacity, open_hour, id) 
    values
        (?, ?, ?, ?, ?, ?, ?)
Hibernate: 
    insert 
    into
        garage_sectors
        (base_price, close_hour, current_occupancy, duration_limit_minutes, max_capacity, open_hour, id) 
    values
        (?, ?, ?, ?, ?, ?, ?)
2025-05-29T15:01:29.933-03:00 DEBUG 34184 --- [           main] org.hibernate.SQL                        : 
    insert 
    into
        garage_sectors
        (base_price, close_hour, current_occupancy, duration_limit_minutes, max_capacity, open_hour, id) 
    values
        (?, ?, ?, ?, ?, ?, ?)
Hibernate: 
    insert 
    into
        garage_sectors
        (base_price, close_hour, current_occupancy, duration_limit_minutes, max_capacity, open_hour, id) 
    values
        (?, ?, ?, ?, ?, ?, ?)
2025-05-29T15:01:29.946-03:00 DEBUG 34184 --- [           main] org.springframework.test.context.cache   : Spring test ApplicationContext cache statistics: [DefaultContextCache@63100783 size = 1, maxSize = 32, parentContextCount = 0, hitCount = 5, missCount = 1, failureCount = 0]
2025-05-29T15:01:29.966-03:00 DEBUG 34184 --- [           main] o.s.orm.jpa.JpaTransactionManager        : Found thread-bound EntityManager [SessionImpl(301209060<open>)] for JPA transaction
2025-05-29T15:01:29.966-03:00 DEBUG 34184 --- [           main] o.s.orm.jpa.JpaTransactionManager        : Participating in existing transaction
2025-05-29T15:01:30.048-03:00 DEBUG 34184 --- [           main] org.hibernate.SQL                        : 
    select
        gs1_0.id,
        gs1_0.base_price,
        gs1_0.close_hour,
        gs1_0.current_occupancy,
        gs1_0.duration_limit_minutes,
        gs1_0.max_capacity,
        gs1_0.open_hour 
    from
        garage_sectors gs1_0 
    where
        gs1_0.id=?
Hibernate: 
    select
        gs1_0.id,
        gs1_0.base_price,
        gs1_0.close_hour,
        gs1_0.current_occupancy,
        gs1_0.duration_limit_minutes,
        gs1_0.max_capacity,
        gs1_0.open_hour 
    from
        garage_sectors gs1_0 
    where
        gs1_0.id=?
2025-05-29T15:01:30.162-03:00 DEBUG 34184 --- [           main] o.s.orm.jpa.JpaTransactionManager        : Found thread-bound EntityManager [SessionImpl(301209060<open>)] for JPA transaction
2025-05-29T15:01:30.163-03:00 DEBUG 34184 --- [           main] o.s.orm.jpa.JpaTransactionManager        : Participating in existing transaction
2025-05-29T15:01:30.191-03:00 DEBUG 34184 --- [           main] org.springframework.test.context.cache   : Spring test ApplicationContext cache statistics: [DefaultContextCache@63100783 size = 1, maxSize = 32, parentContextCount = 0, hitCount = 6, missCount = 1, failureCount = 0]
2025-05-29T15:01:30.192-03:00 DEBUG 34184 --- [           main] org.springframework.test.context.cache   : Spring test ApplicationContext cache statistics: [DefaultContextCache@63100783 size = 1, maxSize = 32, parentContextCount = 0, hitCount = 7, missCount = 1, failureCount = 0]
2025-05-29T15:01:30.193-03:00 DEBUG 34184 --- [           main] org.springframework.test.context.cache   : Spring test ApplicationContext cache statistics: [DefaultContextCache@63100783 size = 1, maxSize = 32, parentContextCount = 0, hitCount = 8, missCount = 1, failureCount = 0]
2025-05-29T15:01:30.198-03:00 DEBUG 34184 --- [           main] org.springframework.test.context.cache   : Spring test ApplicationContext cache statistics: [DefaultContextCache@63100783 size = 1, maxSize = 32, parentContextCount = 0, hitCount = 9, missCount = 1, failureCount = 0]
2025-05-29T15:01:30.203-03:00 DEBUG 34184 --- [           main] org.springframework.test.context.cache   : Spring test ApplicationContext cache statistics: [DefaultContextCache@63100783 size = 1, maxSize = 32, parentContextCount = 0, hitCount = 10, missCount = 1, failureCount = 0]
2025-05-29T15:01:30.209-03:00 DEBUG 34184 --- [           main] org.springframework.test.context.cache   : Spring test ApplicationContext cache statistics: [DefaultContextCache@63100783 size = 1, maxSize = 32, parentContextCount = 0, hitCount = 11, missCount = 1, failureCount = 0]
2025-05-29T15:01:30.214-03:00 DEBUG 34184 --- [           main] o.s.orm.jpa.JpaTransactionManager        : Initiating transaction rollback
2025-05-29T15:01:30.216-03:00 DEBUG 34184 --- [           main] o.s.orm.jpa.JpaTransactionManager        : Rolling back JPA transaction on EntityManager [SessionImpl(301209060<open>)]
2025-05-29T15:01:30.227-03:00 DEBUG 34184 --- [           main] o.s.orm.jpa.JpaTransactionManager        : Closing JPA EntityManager [SessionImpl(301209060<open>)] after transaction
2025-05-29T15:01:30.228-03:00 DEBUG 34184 --- [           main] o.s.t.c.transaction.TransactionContext   : Rolled back transaction (1) for test class [com.estapar.parking.repository.GarageSectorRepositoryTest]; test method [save_ShouldPersistNewSector]
2025-05-29T15:01:30.230-03:00 DEBUG 34184 --- [           main] .c.s.DirtiesContextTestExecutionListener : After test method: class [GarageSectorRepositoryTest], method [save_ShouldPersistNewSector], class annotated with @DirtiesContext [false] with mode [null], method annotated with @DirtiesContext [false] with mode [null]
]]></system-out>
  </testcase>
  <testcase name="save_ShouldUpdateExistingSector" classname="com.estapar.parking.repository.GarageSectorRepositoryTest" time="0.085">
    <system-out><![CDATA[2025-05-29T15:01:30.234-03:00 DEBUG 34184 --- [           main] DependencyInjectionTestExecutionListener : Performing dependency injection for test class com.estapar.parking.repository.GarageSectorRepositoryTest
2025-05-29T15:01:30.235-03:00 DEBUG 34184 --- [           main] org.springframework.test.context.cache   : Spring test ApplicationContext cache statistics: [DefaultContextCache@63100783 size = 1, maxSize = 32, parentContextCount = 0, hitCount = 12, missCount = 1, failureCount = 0]
2025-05-29T15:01:30.238-03:00 DEBUG 34184 --- [           main] org.springframework.test.context.cache   : Spring test ApplicationContext cache statistics: [DefaultContextCache@63100783 size = 1, maxSize = 32, parentContextCount = 0, hitCount = 13, missCount = 1, failureCount = 0]
2025-05-29T15:01:30.245-03:00 DEBUG 34184 --- [           main] sContextBeforeModesTestExecutionListener : Before test method: class [GarageSectorRepositoryTest], method [save_ShouldUpdateExistingSector], class annotated with @DirtiesContext [false] with mode [null], method annotated with @DirtiesContext [false] with mode [null]
2025-05-29T15:01:30.246-03:00 DEBUG 34184 --- [           main] t.c.t.TransactionalTestExecutionListener : Explicit transaction definition [PROPAGATION_REQUIRED,ISOLATION_DEFAULT] found for test class [com.estapar.parking.repository.GarageSectorRepositoryTest] and test method [save_ShouldUpdateExistingSector]
2025-05-29T15:01:30.249-03:00 DEBUG 34184 --- [           main] org.springframework.test.context.cache   : Spring test ApplicationContext cache statistics: [DefaultContextCache@63100783 size = 1, maxSize = 32, parentContextCount = 0, hitCount = 14, missCount = 1, failureCount = 0]
2025-05-29T15:01:30.251-03:00 DEBUG 34184 --- [           main] t.c.t.TransactionalTestExecutionListener : No method-level @Rollback override: using default rollback [true] for test method [void com.estapar.parking.repository.GarageSectorRepositoryTest.save_ShouldUpdateExistingSector()]
2025-05-29T15:01:30.253-03:00 DEBUG 34184 --- [           main] o.s.orm.jpa.JpaTransactionManager        : Creating new transaction with name [com.estapar.parking.repository.GarageSectorRepositoryTest.save_ShouldUpdateExistingSector]: PROPAGATION_REQUIRED,ISOLATION_DEFAULT
2025-05-29T15:01:30.254-03:00 DEBUG 34184 --- [           main] o.s.orm.jpa.JpaTransactionManager        : Opened new EntityManager [SessionImpl(330639443<open>)] for JPA transaction
2025-05-29T15:01:30.255-03:00 DEBUG 34184 --- [           main] o.s.j.datasource.SimpleDriverDataSource  : Creating new JDBC Driver Connection to [jdbc:h2:mem:f41f4bc9-286b-4f9a-a0e4-95b7879cd638;DB_CLOSE_DELAY=-1;DB_CLOSE_ON_EXIT=false]
2025-05-29T15:01:30.257-03:00 DEBUG 34184 --- [           main] o.s.orm.jpa.JpaTransactionManager        : Exposing JPA transaction as JDBC [org.springframework.orm.jpa.vendor.HibernateJpaDialect$HibernateConnectionHandle@4d2d0eda]
2025-05-29T15:01:30.259-03:00 DEBUG 34184 --- [           main] o.s.t.c.transaction.TransactionContext   : Began transaction (1) for test class [com.estapar.parking.repository.GarageSectorRepositoryTest]; test method [save_ShouldUpdateExistingSector]; transaction manager [org.springframework.orm.jpa.JpaTransactionManager@3e984100]; rollback [true]
2025-05-29T15:01:30.261-03:00 DEBUG 34184 --- [           main] org.springframework.test.context.cache   : Spring test ApplicationContext cache statistics: [DefaultContextCache@63100783 size = 1, maxSize = 32, parentContextCount = 0, hitCount = 15, missCount = 1, failureCount = 0]
2025-05-29T15:01:30.262-03:00 DEBUG 34184 --- [           main] org.springframework.test.context.cache   : Spring test ApplicationContext cache statistics: [DefaultContextCache@63100783 size = 1, maxSize = 32, parentContextCount = 0, hitCount = 16, missCount = 1, failureCount = 0]
2025-05-29T15:01:30.269-03:00 DEBUG 34184 --- [           main] org.hibernate.SQL                        : 
    insert 
    into
        garage_sectors
        (base_price, close_hour, current_occupancy, duration_limit_minutes, max_capacity, open_hour, id) 
    values
        (?, ?, ?, ?, ?, ?, ?)
Hibernate: 
    insert 
    into
        garage_sectors
        (base_price, close_hour, current_occupancy, duration_limit_minutes, max_capacity, open_hour, id) 
    values
        (?, ?, ?, ?, ?, ?, ?)
2025-05-29T15:01:30.275-03:00 DEBUG 34184 --- [           main] org.hibernate.SQL                        : 
    insert 
    into
        garage_sectors
        (base_price, close_hour, current_occupancy, duration_limit_minutes, max_capacity, open_hour, id) 
    values
        (?, ?, ?, ?, ?, ?, ?)
Hibernate: 
    insert 
    into
        garage_sectors
        (base_price, close_hour, current_occupancy, duration_limit_minutes, max_capacity, open_hour, id) 
    values
        (?, ?, ?, ?, ?, ?, ?)
2025-05-29T15:01:30.279-03:00 DEBUG 34184 --- [           main] org.springframework.test.context.cache   : Spring test ApplicationContext cache statistics: [DefaultContextCache@63100783 size = 1, maxSize = 32, parentContextCount = 0, hitCount = 17, missCount = 1, failureCount = 0]
2025-05-29T15:01:30.281-03:00 DEBUG 34184 --- [           main] o.s.orm.jpa.JpaTransactionManager        : Found thread-bound EntityManager [SessionImpl(330639443<open>)] for JPA transaction
[...]
2025-05-29T15:01:30.367-03:00 DEBUG 34184 --- [           main] org.springframework.test.context.cache   : Spring test ApplicationContext cache statistics: [DefaultContextCache@63100783 size = 1, maxSize = 32, parentContextCount = 0, hitCount = 32, missCount = 1, failureCount = 0]
2025-05-29T15:01:30.367-03:00 DEBUG 34184 --- [           main] org.springframework.test.context.cache   : Spring test ApplicationContext cache statistics: [DefaultContextCache@63100783 size = 1, maxSize = 32, parentContextCount = 0, hitCount = 33, missCount = 1, failureCount = 0]
2025-05-29T15:01:30.367-03:00 DEBUG 34184 --- [           main] org.springframework.test.context.cache   : Spring test ApplicationContext cache statistics: [DefaultContextCache@63100783 size = 1, maxSize = 32, parentContextCount = 0, hitCount = 34, missCount = 1, failureCount = 0]
2025-05-29T15:01:30.367-03:00 DEBUG 34184 --- [           main] org.springframework.test.context.cache   : Spring test ApplicationContext cache statistics: [DefaultContextCache@63100783 size = 1, maxSize = 32, parentContextCount = 0, hitCount = 35, missCount = 1, failureCount = 0]
2025-05-29T15:01:30.369-03:00 DEBUG 34184 --- [           main] o.s.orm.jpa.JpaTransactionManager        : Initiating transaction rollback
2025-05-29T15:01:30.369-03:00 DEBUG 34184 --- [           main] o.s.orm.jpa.JpaTransactionManager        : Rolling back JPA transaction on EntityManager [SessionImpl(1713366724<open>)]
2025-05-29T15:01:30.369-03:00 DEBUG 34184 --- [           main] o.s.orm.jpa.JpaTransactionManager        : Closing JPA EntityManager [SessionImpl(1713366724<open>)] after transaction
2025-05-29T15:01:30.369-03:00 DEBUG 34184 --- [           main] o.s.t.c.transaction.TransactionContext   : Rolled back transaction (1) for test class [com.estapar.parking.repository.GarageSectorRepositoryTest]; test method [findById_ShouldReturnEmptyForNonExistentId]
2025-05-29T15:01:30.370-03:00 DEBUG 34184 --- [           main] .c.s.DirtiesContextTestExecutionListener : After test method: class [GarageSectorRepositoryTest], method [findById_ShouldReturnEmptyForNonExistentId], class annotated with @DirtiesContext [false] with mode [null], method annotated with @DirtiesContext [false] with mode [null]
]]></system-out>
  </testcase>
  <testcase name="findById_ShouldReturnCorrectSector" classname="com.estapar.parking.repository.GarageSectorRepositoryTest" time="0.014">
    <system-out><![CDATA[2025-05-29T15:01:30.370-03:00 DEBUG 34184 --- [           main] DependencyInjectionTestExecutionListener : Performing dependency injection for test class com.estapar.parking.repository.GarageSectorRepositoryTest
2025-05-29T15:01:30.370-03:00 DEBUG 34184 --- [           main] org.springframework.test.context.cache   : Spring test ApplicationContext cache statistics: [DefaultContextCache@63100783 size = 1, maxSize = 32, parentContextCount = 0, hitCount = 36, missCount = 1, failureCount = 0]
2025-05-29T15:01:30.371-03:00 DEBUG 34184 --- [           main] org.springframework.test.context.cache   : Spring test ApplicationContext cache statistics: [DefaultContextCache@63100783 size = 1, maxSize = 32, parentContextCount = 0, hitCount = 37, missCount = 1, failureCount = 0]
2025-05-29T15:01:30.372-03:00 DEBUG 34184 --- [           main] sContextBeforeModesTestExecutionListener : Before test method: class [GarageSectorRepositoryTest], method [findById_ShouldReturnCorrectSector], class annotated with @DirtiesContext [false] with mode [null], method annotated with @DirtiesContext [false] with mode [null]
2025-05-29T15:01:30.372-03:00 DEBUG 34184 --- [           main] t.c.t.TransactionalTestExecutionListener : Explicit transaction definition [PROPAGATION_REQUIRED,ISOLATION_DEFAULT] found for test class [com.estapar.parking.repository.GarageSectorRepositoryTest] and test method [findById_ShouldReturnCorrectSector]
2025-05-29T15:01:30.373-03:00 DEBUG 34184 --- [           main] org.springframework.test.context.cache   : Spring test ApplicationContext cache statistics: [DefaultContextCache@63100783 size = 1, maxSize = 32, parentContextCount = 0, hitCount = 38, missCount = 1, failureCount = 0]
2025-05-29T15:01:30.373-03:00 DEBUG 34184 --- [           main] t.c.t.TransactionalTestExecutionListener : No method-level @Rollback override: using default rollback [true] for test method [void com.estapar.parking.repository.GarageSectorRepositoryTest.findById_ShouldReturnCorrectSector()]
2025-05-29T15:01:30.373-03:00 DEBUG 34184 --- [           main] o.s.orm.jpa.JpaTransactionManager        : Creating new transaction with name [com.estapar.parking.repository.GarageSectorRepositoryTest.findById_ShouldReturnCorrectSector]: PROPAGATION_REQUIRED,ISOLATION_DEFAULT
2025-05-29T15:01:30.373-03:00 DEBUG 34184 --- [           main] o.s.orm.jpa.JpaTransactionManager        : Opened new EntityManager [SessionImpl(1647557800<open>)] for JPA transaction
2025-05-29T15:01:30.373-03:00 DEBUG 34184 --- [           main] o.s.j.datasource.SimpleDriverDataSource  : Creating new JDBC Driver Connection to [jdbc:h2:mem:f41f4bc9-286b-4f9a-a0e4-95b7879cd638;DB_CLOSE_DELAY=-1;DB_CLOSE_ON_EXIT=false]
2025-05-29T15:01:30.374-03:00 DEBUG 34184 --- [           main] o.s.orm.jpa.JpaTransactionManager        : Exposing JPA transaction as JDBC [org.springframework.orm.jpa.vendor.HibernateJpaDialect$HibernateConnectionHandle@2b454886]
2025-05-29T15:01:30.374-03:00 DEBUG 34184 --- [           main] o.s.t.c.transaction.TransactionContext   : Began transaction (1) for test class [com.estapar.parking.repository.GarageSectorRepositoryTest]; test method [findById_ShouldReturnCorrectSector]; transaction manager [org.springframework.orm.jpa.JpaTransactionManager@3e984100]; rollback [true]
2025-05-29T15:01:30.375-03:00 DEBUG 34184 --- [           main] org.springframework.test.context.cache   : Spring test ApplicationContext cache statistics: [DefaultContextCache@63100783 size = 1, maxSize = 32, parentContextCount = 0, hitCount = 39, missCount = 1, failureCount = 0]
2025-05-29T15:01:30.375-03:00 DEBUG 34184 --- [           main] org.springframework.test.context.cache   : Spring test ApplicationContext cache statistics: [DefaultContextCache@63100783 size = 1, maxSize = 32, parentContextCount = 0, hitCount = 40, missCount = 1, failureCount = 0]
2025-05-29T15:01:30.376-03:00 DEBUG 34184 --- [           main] org.hibernate.SQL                        : 
    insert 
    into
        garage_sectors
        (base_price, close_hour, current_occupancy, duration_limit_minutes, max_capacity, open_hour, id) 
    values
        (?, ?, ?, ?, ?, ?, ?)
Hibernate: 
    insert 
    into
        garage_sectors
        (base_price, close_hour, current_occupancy, duration_limit_minutes, max_capacity, open_hour, id) 
    values
        (?, ?, ?, ?, ?, ?, ?)
2025-05-29T15:01:30.378-03:00 DEBUG 34184 --- [           main] org.hibernate.SQL                        : 
    insert 
    into
        garage_sectors
        (base_price, close_hour, current_occupancy, duration_limit_minutes, max_capacity, open_hour, id) 
    values
        (?, ?, ?, ?, ?, ?, ?)
Hibernate: 
    insert 
    into
        garage_sectors
        (base_price, close_hour, current_occupancy, duration_limit_minutes, max_capacity, open_hour, id) 
    values
        (?, ?, ?, ?, ?, ?, ?)
2025-05-29T15:01:30.379-03:00 DEBUG 34184 --- [           main] org.springframework.test.context.cache   : Spring test ApplicationContext cache statistics: [DefaultContextCache@63100783 size = 1, maxSize = 32, parentContextCount = 0, hitCount = 41, missCount = 1, failureCount = 0]
2025-05-29T15:01:30.380-03:00 DEBUG 34184 --- [           main] o.s.orm.jpa.JpaTransactionManager        : Found thread-bound EntityManager [SessionImpl(1647557800<open>)] for JPA transaction
2025-05-29T15:01:30.380-03:00 DEBUG 34184 --- [           main] o.s.orm.jpa.JpaTransactionManager        : Participating in existing transaction
2025-05-29T15:01:30.381-03:00 DEBUG 34184 --- [           main] org.springframework.test.context.cache   : Spring test ApplicationContext cache statistics: [DefaultContextCache@63100783 size = 1, maxSize = 32, parentContextCount = 0, hitCount = 42, missCount = 1, failureCount = 0]
2025-05-29T15:01:30.381-03:00 DEBUG 34184 --- [           main] org.springframework.test.context.cache   : Spring test ApplicationContext cache statistics: [DefaultContextCache@63100783 size = 1, maxSize = 32, parentContextCount = 0, hitCount = 43, missCount = 1, failureCount = 0]
2025-05-29T15:01:30.382-03:00 DEBUG 34184 --- [           main] org.springframework.test.context.cache   : Spring test ApplicationContext cache statistics: [DefaultContextCache@63100783 size = 1, maxSize = 32, parentContextCount = 0, hitCount = 44, missCount = 1, failureCount = 0]
2025-05-29T15:01:30.382-03:00 DEBUG 34184 --- [           main] org.springframework.test.context.cache   : Spring test ApplicationContext cache statistics: [DefaultContextCache@63100783 size = 1, maxSize = 32, parentContextCount = 0, hitCount = 45, missCount = 1, failureCount = 0]
2025-05-29T15:01:30.382-03:00 DEBUG 34184 --- [           main] org.springframework.test.context.cache   : Spring test ApplicationContext cache statistics: [DefaultContextCache@63100783 size = 1, maxSize = 32, parentContextCount = 0, hitCount = 46, missCount = 1, failureCount = 0]
2025-05-29T15:01:30.383-03:00 DEBUG 34184 --- [           main] org.springframework.test.context.cache   : Spring test ApplicationContext cache statistics: [DefaultContextCache@63100783 size = 1, maxSize = 32, parentContextCount = 0, hitCount = 47, missCount = 1, failureCount = 0]
2025-05-29T15:01:30.383-03:00 DEBUG 34184 --- [           main] o.s.orm.jpa.JpaTransactionManager        : Initiating transaction rollback
2025-05-29T15:01:30.383-03:00 DEBUG 34184 --- [           main] o.s.orm.jpa.JpaTransactionManager        : Rolling back JPA transaction on EntityManager [SessionImpl(1647557800<open>)]
2025-05-29T15:01:30.384-03:00 DEBUG 34184 --- [           main] o.s.orm.jpa.JpaTransactionManager        : Closing JPA EntityManager [SessionImpl(1647557800<open>)] after transaction
2025-05-29T15:01:30.384-03:00 DEBUG 34184 --- [           main] o.s.t.c.transaction.TransactionContext   : Rolled back transaction (1) for test class [com.estapar.parking.repository.GarageSectorRepositoryTest]; test method [findById_ShouldReturnCorrectSector]
2025-05-29T15:01:30.385-03:00 DEBUG 34184 --- [           main] .c.s.DirtiesContextTestExecutionListener : After test method: class [GarageSectorRepositoryTest], method [findById_ShouldReturnCorrectSector], class annotated with @DirtiesContext [false] with mode [null], method annotated with @DirtiesContext [false] with mode [null]
]]></system-out>
  </testcase>
  <testcase name="findAll_ShouldReturnAllSectors" classname="com.estapar.parking.repository.GarageSectorRepositoryTest" time="0.078">
    <system-out><![CDATA[2025-05-29T15:01:30.386-03:00 DEBUG 34184 --- [           main] DependencyInjectionTestExecutionListener : Performing dependency injection for test class com.estapar.parking.repository.GarageSectorRepositoryTest
2025-05-29T15:01:30.386-03:00 DEBUG 34184 --- [           main] org.springframework.test.context.cache   : Spring test ApplicationContext cache statistics: [DefaultContextCache@63100783 size = 1, maxSize = 32, parentContextCount = 0, hitCount = 48, missCount = 1, failureCount = 0]
2025-05-29T15:01:30.387-03:00 DEBUG 34184 --- [           main] org.springframework.test.context.cache   : Spring test ApplicationContext cache statistics: [DefaultContextCache@63100783 size = 1, maxSize = 32, parentContextCount = 0, hitCount = 49, missCount = 1, failureCount = 0]
2025-05-29T15:01:30.389-03:00 DEBUG 34184 --- [           main] sContextBeforeModesTestExecutionListener : Before test method: class [GarageSectorRepositoryTest], method [findAll_ShouldReturnAllSectors], class annotated with @DirtiesContext [false] with mode [null], method annotated with @DirtiesContext [false] with mode [null]
2025-05-29T15:01:30.390-03:00 DEBUG 34184 --- [           main] t.c.t.TransactionalTestExecutionListener : Explicit transaction definition [PROPAGATION_REQUIRED,ISOLATION_DEFAULT] found for test class [com.estapar.parking.repository.GarageSectorRepositoryTest] and test method [findAll_ShouldReturnAllSectors]
2025-05-29T15:01:30.390-03:00 DEBUG 34184 --- [           main] org.springframework.test.context.cache   : Spring test ApplicationContext cache statistics: [DefaultContextCache@63100783 size = 1, maxSize = 32, parentContextCount = 0, hitCount = 50, missCount = 1, failureCount = 0]
2025-05-29T15:01:30.390-03:00 DEBUG 34184 --- [           main] t.c.t.TransactionalTestExecutionListener : No method-level @Rollback override: using default rollback [true] for test method [void com.estapar.parking.repository.GarageSectorRepositoryTest.findAll_ShouldReturnAllSectors()]
2025-05-29T15:01:30.390-03:00 DEBUG 34184 --- [           main] o.s.orm.jpa.JpaTransactionManager        : Creating new transaction with name [com.estapar.parking.repository.GarageSectorRepositoryTest.findAll_ShouldReturnAllSectors]: PROPAGATION_REQUIRED,ISOLATION_DEFAULT
2025-05-29T15:01:30.391-03:00 DEBUG 34184 --- [           main] o.s.orm.jpa.JpaTransactionManager        : Opened new EntityManager [SessionImpl(2080333964<open>)] for JPA transaction
2025-05-29T15:01:30.391-03:00 DEBUG 34184 --- [           main] o.s.j.datasource.SimpleDriverDataSource  : Creating new JDBC Driver Connection to [jdbc:h2:mem:f41f4bc9-286b-4f9a-a0e4-95b7879cd638;DB_CLOSE_DELAY=-1;DB_CLOSE_ON_EXIT=false]
2025-05-29T15:01:30.391-03:00 DEBUG 34184 --- [           main] o.s.orm.jpa.JpaTransactionManager        : Exposing JPA transaction as JDBC [org.springframework.orm.jpa.vendor.HibernateJpaDialect$HibernateConnectionHandle@345f429]
2025-05-29T15:01:30.392-03:00 DEBUG 34184 --- [           main] o.s.t.c.transaction.TransactionContext   : Began transaction (1) for test class [com.estapar.parking.repository.GarageSectorRepositoryTest]; test method [findAll_ShouldReturnAllSectors]; transaction manager [org.springframework.orm.jpa.JpaTransactionManager@3e984100]; rollback [true]
2025-05-29T15:01:30.392-03:00 DEBUG 34184 --- [           main] org.springframework.test.context.cache   : Spring test ApplicationContext cache statistics: [DefaultContextCache@63100783 size = 1, maxSize = 32, parentContextCount = 0, hitCount = 51, missCount = 1, failureCount = 0]
2025-05-29T15:01:30.392-03:00 DEBUG 34184 --- [           main] org.springframework.test.context.cache   : Spring test ApplicationContext cache statistics: [DefaultContextCache@63100783 size = 1, maxSize = 32, parentContextCount = 0, hitCount = 52, missCount = 1, failureCount = 0]
2025-05-29T15:01:30.395-03:00 DEBUG 34184 --- [           main] org.hibernate.SQL                        : 
    insert 
    into
        garage_sectors
        (base_price, close_hour, current_occupancy, duration_limit_minutes, max_capacity, open_hour, id) 
    values
        (?, ?, ?, ?, ?, ?, ?)
Hibernate: 
    insert 
    into
        garage_sectors
        (base_price, close_hour, current_occupancy, duration_limit_minutes, max_capacity, open_hour, id) 
    values
        (?, ?, ?, ?, ?, ?, ?)
2025-05-29T15:01:30.396-03:00 DEBUG 34184 --- [           main] org.hibernate.SQL                        : 
    insert 
    into
        garage_sectors
        (base_price, close_hour, current_occupancy, duration_limit_minutes, max_capacity, open_hour, id) 
    values
        (?, ?, ?, ?, ?, ?, ?)
Hibernate: 
    insert 
    into
        garage_sectors
        (base_price, close_hour, current_occupancy, duration_limit_minutes, max_capacity, open_hour, id) 
    values
        (?, ?, ?, ?, ?, ?, ?)
2025-05-29T15:01:30.397-03:00 DEBUG 34184 --- [           main] org.springframework.test.context.cache   : Spring test ApplicationContext cache statistics: [DefaultContextCache@63100783 size = 1, maxSize = 32, parentContextCount = 0, hitCount = 53, missCount = 1, failureCount = 0]
2025-05-29T15:01:30.398-03:00 DEBUG 34184 --- [           main] o.s.orm.jpa.JpaTransactionManager        : Found thread-bound EntityManager [SessionImpl(2080333964<open>)] for JPA transaction
2025-05-29T15:01:30.398-03:00 DEBUG 34184 --- [           main] o.s.orm.jpa.JpaTransactionManager        : Participating in existing transaction
2025-05-29T15:01:30.446-03:00 DEBUG 34184 --- [           main] org.hibernate.SQL                        : 
    select
        gs1_0.id,
        gs1_0.base_price,
        gs1_0.close_hour,
        gs1_0.current_occupancy,
        gs1_0.duration_limit_minutes,
        gs1_0.max_capacity,
        gs1_0.open_hour 
    from
        garage_sectors gs1_0
Hibernate: 
    select
        gs1_0.id,
        gs1_0.base_price,
        gs1_0.close_hour,
        gs1_0.current_occupancy,
        gs1_0.duration_limit_minutes,
        gs1_0.max_capacity,
        gs1_0.open_hour 
    from
        garage_sectors gs1_0
2025-05-29T15:01:30.462-03:00 DEBUG 34184 --- [           main] org.springframework.test.context.cache   : Spring test ApplicationContext cache statistics: [DefaultContextCache@63100783 size = 1, maxSize = 32, parentContextCount = 0, hitCount = 54, missCount = 1, failureCount = 0]
2025-05-29T15:01:30.462-03:00 DEBUG 34184 --- [           main] org.springframework.test.context.cache   : Spring test ApplicationContext cache statistics: [DefaultContextCache@63100783 size = 1, maxSize = 32, parentContextCount = 0, hitCount = 55, missCount = 1, failureCount = 0]
2025-05-29T15:01:30.463-03:00 DEBUG 34184 --- [           main] org.springframework.test.context.cache   : Spring test ApplicationContext cache statistics: [DefaultContextCache@63100783 size = 1, maxSize = 32, parentContextCount = 0, hitCount = 56, missCount = 1, failureCount = 0]
2025-05-29T15:01:30.463-03:00 DEBUG 34184 --- [           main] org.springframework.test.context.cache   : Spring test ApplicationContext cache statistics: [DefaultContextCache@63100783 size = 1, maxSize = 32, parentContextCount = 0, hitCount = 57, missCount = 1, failureCount = 0]
2025-05-29T15:01:30.463-03:00 DEBUG 34184 --- [           main] org.springframework.test.context.cache   : Spring test ApplicationContext cache statistics: [DefaultContextCache@63100783 size = 1, maxSize = 32, parentContextCount = 0, hitCount = 58, missCount = 1, failureCount = 0]
2025-05-29T15:01:30.463-03:00 DEBUG 34184 --- [           main] org.springframework.test.context.cache   : Spring test ApplicationContext cache statistics: [DefaultContextCache@63100783 size = 1, maxSize = 32, parentContextCount = 0, hitCount = 59, missCount = 1, failureCount = 0]
2025-05-29T15:01:30.463-03:00 DEBUG 34184 --- [           main] o.s.orm.jpa.JpaTransactionManager        : Initiating transaction rollback
2025-05-29T15:01:30.464-03:00 DEBUG 34184 --- [           main] o.s.orm.jpa.JpaTransactionManager        : Rolling back JPA transaction on EntityManager [SessionImpl(2080333964<open>)]
2025-05-29T15:01:30.464-03:00 DEBUG 34184 --- [           main] o.s.orm.jpa.JpaTransactionManager        : Closing JPA EntityManager [SessionImpl(2080333964<open>)] after transaction
2025-05-29T15:01:30.464-03:00 DEBUG 34184 --- [           main] o.s.t.c.transaction.TransactionContext   : Rolled back transaction (1) for test class [com.estapar.parking.repository.GarageSectorRepositoryTest]; test method [findAll_ShouldReturnAllSectors]
2025-05-29T15:01:30.464-03:00 DEBUG 34184 --- [           main] .c.s.DirtiesContextTestExecutionListener : After test method: class [GarageSectorRepositoryTest], method [findAll_ShouldReturnAllSectors], class annotated with @DirtiesContext [false] with mode [null], method annotated with @DirtiesContext [false] with mode [null]
]]></system-out>
  </testcase>
</testsuite>