<?xml version="1.0" encoding="UTF-8"?>
<testsuite xmlns:xsi="http://www.w3.org/2001/XMLSchema-instance" xsi:noNamespaceSchemaLocation="https://maven.apache.org/surefire/maven-surefire-plugin/xsd/surefire-test-report-3.0.xsd" version="3.0" name="com.estapar.parking.repository.ParkingSpotRepositoryTest" time="0.475" tests="6" errors="0" skipped="0" failures="0">
  <properties>
[...]
</properties>
  <testcase name="findByLatitudeAndLongitude_ShouldReturnEmptyForNonExistentCoordinates" classname="com.estapar.parking.repository.ParkingSpotRepositoryTest" time="0.115">
    <system-out><![CDATA[2025-05-30T10:57:49.793-03:00 DEBUG 54192 --- [           main] b.t.a.o.j.DataJpaTestContextBootstrapper : Neither @ContextConfiguration nor @ContextHierarchy found for test class [ParkingSpotRepositoryTest]: using SpringBootContextLoader
2025-05-30T10:57:49.801-03:00 DEBUG 54192 --- [           main] o.s.t.c.support.AbstractContextLoader    : Could not detect default resource locations for test class [com.estapar.parking.repository.ParkingSpotRepositoryTest]: no resource found for suffixes {-context.xml, Context.groovy}.
2025-05-30T10:57:49.802-03:00  INFO 54192 --- [           main] t.c.s.AnnotationConfigContextLoaderUtils : Could not detect default configuration classes for test class [com.estapar.parking.repository.ParkingSpotRepositoryTest]: ParkingSpotRepositoryTest does not declare any static, non-private, non-final, nested classes annotated with @Configuration.
2025-05-30T10:57:49.815-03:00 DEBUG 54192 --- [           main] b.t.a.o.j.DataJpaTestContextBootstrapper : Using ContextCustomizerFactory implementations for test class [ParkingSpotRepositoryTest]: [ImportsContextCustomizerFactory, ExcludeFilterContextCustomizerFactory, HttpGraphQlTesterContextCustomizerFactory, DuplicateJsonObjectContextCustomizerFactory, MockitoContextCustomizerFactory, TestRestTemplateContextCustomizerFactory, WebTestClientContextCustomizerFactory, OverrideAutoConfigurationContextCustomizerFactory, ObservabilityContextCustomizerFactory, TypeExcludeFiltersContextCustomizerFactory, PropertyMappingContextCustomizerFactory, WebDriverContextCustomizerFactory, MockServerContainerContextCustomizerFactory, DynamicPropertiesContextCustomizerFactory]
2025-05-30T10:57:49.883-03:00 DEBUG 54192 --- [           main] b.t.a.o.j.DataJpaTestContextBootstrapper : Using ContextCustomizers for test class [ParkingSpotRepositoryTest]: [ImportsContextCustomizer, ExcludeFilterContextCustomizer, DuplicateJsonObjectContextCustomizer, MockitoContextCustomizer, DisableAutoConfigurationContextCustomizer, DisableObservabilityContextCustomizer, TypeExcludeFiltersContextCustomizer, PropertyMappingContextCustomizer, WebDriverContextCustomizer]
2025-05-30T10:57:49.885-03:00  INFO 54192 --- [           main] .b.t.c.SpringBootTestContextBootstrapper : Found @SpringBootConfiguration com.estapar.parking.ParkingManagementApplication for test class com.estapar.parking.repository.ParkingSpotRepositoryTest
2025-05-30T10:57:49.887-03:00 DEBUG 54192 --- [           main] .s.t.c.u.TestContextSpringFactoriesUtils : Skipping candidate TestExecutionListener [org.springframework.test.context.observation.MicrometerObservationRegistryTestExecutionListener] due to a missing dependency. Specify custom TestExecutionListener classes or make the default TestExecutionListener classes and their required dependencies available. Offending class: io.micrometer.context.ThreadLocalAccessor. MicrometerObservationRegistryTestExecutionListener requires io.micrometer:micrometer-observation:1.10.8 or higher and io.micrometer:context-propagation:1.0.3 or higher.
2025-05-30T10:57:49.888-03:00 DEBUG 54192 --- [           main] b.t.a.o.j.DataJpaTestContextBootstrapper : Using TestExecutionListeners for test class [ParkingSpotRepositoryTest]: [ServletTestExecutionListener, DirtiesContextBeforeModesTestExecutionListener, ApplicationEventsTestExecutionListener, MockitoTestExecutionListener, DependencyInjectionTestExecutionListener, DirtiesContextTestExecutionListener, TransactionalTestExecutionListener, SqlScriptsTestExecutionListener, EventPublishingTestExecutionListener, ResetMocksTestExecutionListener, RestDocsTestExecutionListener, MockRestServiceServerResetTestExecutionListener, MockMvcPrintOnlyOnFailureTestExecutionListener, WebDriverTestExecutionListener, MockWebServiceServerTestExecutionListener]
2025-05-30T10:57:49.889-03:00 DEBUG 54192 --- [           main] sContextBeforeModesTestExecutionListener : Before test class: class [ParkingSpotRepositoryTest], class annotated with @DirtiesContext [false] with mode [null]
2025-05-30T10:57:49.893-03:00 DEBUG 54192 --- [           main] org.springframework.test.context.cache   : Spring test ApplicationContext cache statistics: [DefaultContextCache@52f9a620 size = 1, maxSize = 32, parentContextCount = 0, hitCount = 61, missCount = 1, failureCount = 0]
2025-05-30T10:57:49.897-03:00 DEBUG 54192 --- [           main] DependencyInjectionTestExecutionListener : Performing dependency injection for test class com.estapar.parking.repository.ParkingSpotRepositoryTest
2025-05-30T10:57:49.898-03:00 DEBUG 54192 --- [           main] org.springframework.test.context.cache   : Spring test ApplicationContext cache statistics: [DefaultContextCache@52f9a620 size = 1, maxSize = 32, parentContextCount = 0, hitCount = 62, missCount = 1, failureCount = 0]
2025-05-30T10:57:49.906-03:00 DEBUG 54192 --- [           main] org.springframework.test.context.cache   : Spring test ApplicationContext cache statistics: [DefaultContextCache@52f9a620 size = 1, maxSize = 32, parentContextCount = 0, hitCount = 63, missCount = 1, failureCount = 0]
2025-05-30T10:57:49.908-03:00 DEBUG 54192 --- [           main] sContextBeforeModesTestExecutionListener : Before test method: class [ParkingSpotRepositoryTest], method [findByLatitudeAndLongitude_ShouldReturnEmptyForNonExistentCoordinates], class annotated with @DirtiesContext [false] with mode [null], method annotated with @DirtiesContext [false] with mode [null]
2025-05-30T10:57:49.910-03:00 DEBUG 54192 --- [           main] t.c.t.TransactionalTestExecutionListener : Explicit transaction definition [PROPAGATION_REQUIRED,ISOLATION_DEFAULT] found for test class [com.estapar.parking.repository.ParkingSpotRepositoryTest] and test method [findByLatitudeAndLongitude_ShouldReturnEmptyForNonExistentCoordinates]
2025-05-30T10:57:49.911-03:00 DEBUG 54192 --- [           main] org.springframework.test.context.cache   : Spring test ApplicationContext cache statistics: [DefaultContextCache@52f9a620 size = 1, maxSize = 32, parentContextCount = 0, hitCount = 64, missCount = 1, failureCount = 0]
2025-05-30T10:57:49.912-03:00 DEBUG 54192 --- [           main] t.c.t.TransactionalTestExecutionListener : No method-level @Rollback override: using default rollback [true] for test method [void com.estapar.parking.repository.ParkingSpotRepositoryTest.findByLatitudeAndLongitude_ShouldReturnEmptyForNonExistentCoordinates()]
2025-05-30T10:57:49.912-03:00 DEBUG 54192 --- [           main] o.s.orm.jpa.JpaTransactionManager        : Creating new transaction with name [com.estapar.parking.repository.ParkingSpotRepositoryTest.findByLatitudeAndLongitude_ShouldReturnEmptyForNonExistentCoordinates]: PROPAGATION_REQUIRED,ISOLATION_DEFAULT
2025-05-30T10:57:49.912-03:00 DEBUG 54192 --- [           main] o.s.orm.jpa.JpaTransactionManager        : Opened new EntityManager [SessionImpl(609451568<open>)] for JPA transaction
2025-05-30T10:57:49.913-03:00 DEBUG 54192 --- [           main] o.s.j.datasource.SimpleDriverDataSource  : Creating new JDBC Driver Connection to [jdbc:h2:mem:cc563234-53b7-450a-b85b-f24c7414e046;DB_CLOSE_DELAY=-1;DB_CLOSE_ON_EXIT=false]
2025-05-30T10:57:49.915-03:00 DEBUG 54192 --- [           main] o.s.orm.jpa.JpaTransactionManager        : Exposing JPA transaction as JDBC [org.springframework.orm.jpa.vendor.HibernateJpaDialect$HibernateConnectionHandle@3c833d43]
2025-05-30T10:57:49.916-03:00 DEBUG 54192 --- [           main] o.s.t.c.transaction.TransactionContext   : Began transaction (1) for test class [com.estapar.parking.repository.ParkingSpotRepositoryTest]; test method [findByLatitudeAndLongitude_ShouldReturnEmptyForNonExistentCoordinates]; transaction manager [org.springframework.orm.jpa.JpaTransactionManager@21539796]; rollback [true]
2025-05-30T10:57:49.919-03:00 DEBUG 54192 --- [           main] .s.t.c.j.SqlScriptsTestExecutionListener : Processing merged @SqlConfig attributes for execution phase [BEFORE_TEST_METHOD] and test class [com.estapar.parking.repository.ParkingSpotRepositoryTest]
2025-05-30T10:57:49.922-03:00 DEBUG 54192 --- [           main] org.springframework.test.context.cache   : Spring test ApplicationContext cache statistics: [DefaultContextCache@52f9a620 size = 1, maxSize = 32, parentContextCount = 0, hitCount = 65, missCount = 1, failureCount = 0]
2025-05-30T10:57:49.924-03:00 DEBUG 54192 --- [           main] .s.t.c.j.SqlScriptsTestExecutionListener : Executing SQL scripts: [class path resource [sql/init.sql]]
2025-05-30T10:57:49.924-03:00 DEBUG 54192 --- [           main] org.springframework.test.context.cache   : Spring test ApplicationContext cache statistics: [DefaultContextCache@52f9a620 size = 1, maxSize = 32, parentContextCount = 0, hitCount = 66, missCount = 1, failureCount = 0]
2025-05-30T10:57:49.926-03:00 DEBUG 54192 --- [           main] org.springframework.test.context.cache   : Spring test ApplicationContext cache statistics: [DefaultContextCache@52f9a620 size = 1, maxSize = 32, parentContextCount = 0, hitCount = 67, missCount = 1, failureCount = 0]
2025-05-30T10:57:49.927-03:00 DEBUG 54192 --- [           main] o.s.orm.jpa.JpaTransactionManager        : Found thread-bound EntityManager [SessionImpl(609451568<open>)] for JPA transaction
2025-05-30T10:57:49.928-03:00 DEBUG 54192 --- [           main] o.s.orm.jpa.JpaTransactionManager        : Participating in existing transaction
2025-05-30T10:57:49.928-03:00 DEBUG 54192 --- [           main] o.s.jdbc.datasource.init.ScriptUtils     : Executing SQL script from class path resource [sql/init.sql]
2025-05-30T10:57:49.931-03:00 DEBUG 54192 --- [           main] o.s.jdbc.datasource.init.ScriptUtils     : 0 returned as update count for SQL: DELETE FROM parking_events
2025-05-30T10:57:49.931-03:00 DEBUG 54192 --- [           main] o.s.jdbc.datasource.init.ScriptUtils     : 0 returned as update count for SQL: DELETE FROM parking_spots
2025-05-30T10:57:49.931-03:00 DEBUG 54192 --- [           main] o.s.jdbc.datasource.init.ScriptUtils     : 0 returned as update count for SQL: DELETE FROM garage_sectors
2025-05-30T10:57:49.933-03:00 DEBUG 54192 --- [           main] o.s.jdbc.datasource.init.ScriptUtils     : 3 returned as update count for SQL: INSERT INTO garage_sectors (id, base_price, max_capacity, open_hour, close_hour, duration_limit_minutes, current_occupancy) VALUES ('A1', 10.00, 50, '06:00', '22:00', 120, 0), ('A2', 12.00, 30, '06:00', '22:00', 180, 0), ('B1', 15.00, 20, '06:00', '22:00', 240, 0)
2025-05-30T10:57:49.933-03:00 DEBUG 54192 --- [           main] o.s.jdbc.datasource.init.ScriptUtils     : Executed SQL script from class path resource [sql/init.sql] in 5 ms.
2025-05-30T10:57:49.935-03:00 DEBUG 54192 --- [           main] org.springframework.test.context.cache   : Spring test ApplicationContext cache statistics: [DefaultContextCache@52f9a620 size = 1, maxSize = 32, parentContextCount = 0, hitCount = 68, missCount = 1, failureCount = 0]
2025-05-30T10:57:49.936-03:00 DEBUG 54192 --- [           main] org.springframework.test.context.cache   : Spring test ApplicationContext cache statistics: [DefaultContextCache@52f9a620 size = 1, maxSize = 32, parentContextCount = 0, hitCount = 69, missCount = 1, failureCount = 0]
2025-05-30T10:57:49.958-03:00 DEBUG 54192 --- [           main] org.hibernate.SQL                        : 
    delete 
    from
        parking_spots
Hibernate: 
    delete 
    from
        parking_spots
2025-05-30T10:57:49.966-03:00 DEBUG 54192 --- [           main] org.hibernate.SQL                        : 
    insert 
    into
        parking_spots
        (entry_time, latitude, license_plate, longitude, occupied, sector_id) 
    values
        (?, ?, ?, ?, ?, ?)
Hibernate: 
    insert 
    into
        parking_spots
        (entry_time, latitude, license_plate, longitude, occupied, sector_id) 
    values
        (?, ?, ?, ?, ?, ?)
2025-05-30T10:57:49.981-03:00 DEBUG 54192 --- [           main] org.hibernate.SQL                        : 
    insert 
    into
        parking_spots
        (entry_time, latitude, license_plate, longitude, occupied, sector_id) 
    values
        (?, ?, ?, ?, ?, ?)
Hibernate: 
    insert 
    into
        parking_spots
        (entry_time, latitude, license_plate, longitude, occupied, sector_id) 
    values
        (?, ?, ?, ?, ?, ?)
2025-05-30T10:57:49.984-03:00 DEBUG 54192 --- [           main] org.springframework.test.context.cache   : Spring test ApplicationContext cache statistics: [DefaultContextCache@52f9a620 size = 1, maxSize = 32, parentContextCount = 0, hitCount = 70, missCount = 1, failureCount = 0]
2025-05-30T10:57:50.013-03:00 DEBUG 54192 --- [           main] org.hibernate.SQL                        : 
    select
        ps1_0.id,
        ps1_0.entry_time,
        ps1_0.latitude,
        ps1_0.license_plate,
        ps1_0.longitude,
        ps1_0.occupied,
        ps1_0.sector_id 
    from
        parking_spots ps1_0 
    where
        ps1_0.latitude=? 
        and ps1_0.longitude=?
Hibernate: 
    select
        ps1_0.id,
        ps1_0.entry_time,
        ps1_0.latitude,
        ps1_0.license_plate,
        ps1_0.longitude,
        ps1_0.occupied,
        ps1_0.sector_id 
    from
        parking_spots ps1_0 
    where
        ps1_0.latitude=? 
        and ps1_0.longitude=?
2025-05-30T10:57:50.017-03:00 DEBUG 54192 --- [           main] org.springframework.test.context.cache   : Spring test ApplicationContext cache statistics: [DefaultContextCache@52f9a620 size = 1, maxSize = 32, parentContextCount = 0, hitCount = 71, missCount = 1, failureCount = 0]
2025-05-30T10:57:50.018-03:00 DEBUG 54192 --- [           main] org.springframework.test.context.cache   : Spring test ApplicationContext cache statistics: [DefaultContextCache@52f9a620 size = 1, maxSize = 32, parentContextCount = 0, hitCount = 72, missCount = 1, failureCount = 0]
2025-05-30T10:57:50.018-03:00 DEBUG 54192 --- [           main] org.springframework.test.context.cache   : Spring test ApplicationContext cache statistics: [DefaultContextCache@52f9a620 size = 1, maxSize = 32, parentContextCount = 0, hitCount = 73, missCount = 1, failureCount = 0]
2025-05-30T10:57:50.018-03:00 DEBUG 54192 --- [           main] org.springframework.test.context.cache   : Spring test ApplicationContext cache statistics: [DefaultContextCache@52f9a620 size = 1, maxSize = 32, parentContextCount = 0, hitCount = 74, missCount = 1, failureCount = 0]
2025-05-30T10:57:50.019-03:00 DEBUG 54192 --- [           main] org.springframework.test.context.cache   : Spring test ApplicationContext cache statistics: [DefaultContextCache@52f9a620 size = 1, maxSize = 32, parentContextCount = 0, hitCount = 75, missCount = 1, failureCount = 0]
2025-05-30T10:57:50.020-03:00 DEBUG 54192 --- [           main] org.springframework.test.context.cache   : Spring test ApplicationContext cache statistics: [DefaultContextCache@52f9a620 size = 1, maxSize = 32, parentContextCount = 0, hitCount = 76, missCount = 1, failureCount = 0]
2025-05-30T10:57:50.020-03:00 DEBUG 54192 --- [           main] o.s.orm.jpa.JpaTransactionManager        : Initiating transaction rollback
2025-05-30T10:57:50.020-03:00 DEBUG 54192 --- [           main] o.s.orm.jpa.JpaTransactionManager        : Rolling back JPA transaction on EntityManager [SessionImpl(609451568<open>)]
2025-05-30T10:57:50.021-03:00 DEBUG 54192 --- [           main] o.s.orm.jpa.JpaTransactionManager        : Closing JPA EntityManager [SessionImpl(609451568<open>)] after transaction
2025-05-30T10:57:50.022-03:00 DEBUG 54192 --- [           main] o.s.t.c.transaction.TransactionContext   : Rolled back transaction (1) for test class [com.estapar.parking.repository.ParkingSpotRepositoryTest]; test method [findByLatitudeAndLongitude_ShouldReturnEmptyForNonExistentCoordinates]
2025-05-30T10:57:50.022-03:00 DEBUG 54192 --- [           main] .c.s.DirtiesContextTestExecutionListener : After test method: class [ParkingSpotRepositoryTest], method [findByLatitudeAndLongitude_ShouldReturnEmptyForNonExistentCoordinates], class annotated with @DirtiesContext [false] with mode [null], method annotated with @DirtiesContext [false] with mode [null]
]]></system-out>
  </testcase>
  <testcase name="shouldAllowTwoVehiclesInSameSpotAtDifferentTimes" classname="com.estapar.parking.repository.ParkingSpotRepositoryTest" time="0.066">
    <system-out><![CDATA[2025-05-30T10:57:50.023-03:00 DEBUG 54192 --- [           main] DependencyInjectionTestExecutionListener : Performing dependency injection for test class com.estapar.parking.repository.ParkingSpotRepositoryTest
2025-05-30T10:57:50.023-03:00 DEBUG 54192 --- [           main] org.springframework.test.context.cache   : Spring test ApplicationContext cache statistics: [DefaultContextCache@52f9a620 size = 1, maxSize = 32, parentContextCount = 0, hitCount = 77, missCount = 1, failureCount = 0]
2025-05-30T10:57:50.024-03:00 DEBUG 54192 --- [           main] org.springframework.test.context.cache   : Spring test ApplicationContext cache statistics: [DefaultContextCache@52f9a620 size = 1, maxSize = 32, parentContextCount = 0, hitCount = 78, missCount = 1, failureCount = 0]
2025-05-30T10:57:50.026-03:00 DEBUG 54192 --- [           main] sContextBeforeModesTestExecutionListener : Before test method: class [ParkingSpotRepositoryTest], method [shouldAllowTwoVehiclesInSameSpotAtDifferentTimes], class annotated with @DirtiesContext [false] with mode [null], method annotated with @DirtiesContext [false] with mode [null]
2025-05-30T10:57:50.027-03:00 DEBUG 54192 --- [           main] t.c.t.TransactionalTestExecutionListener : Explicit transaction definition [PROPAGATION_REQUIRED,ISOLATION_DEFAULT] found for test class [com.estapar.parking.repository.ParkingSpotRepositoryTest] and test method [shouldAllowTwoVehiclesInSameSpotAtDifferentTimes]
2025-05-30T10:57:50.027-03:00 DEBUG 54192 --- [           main] org.springframework.test.context.cache   : Spring test ApplicationContext cache statistics: [DefaultContextCache@52f9a620 size = 1, maxSize = 32, parentContextCount = 0, hitCount = 79, missCount = 1, failureCount = 0]
2025-05-30T10:57:50.028-03:00 DEBUG 54192 --- [           main] t.c.t.TransactionalTestExecutionListener : No method-level @Rollback override: using default rollback [true] for test method [void com.estapar.parking.repository.ParkingSpotRepositoryTest.shouldAllowTwoVehiclesInSameSpotAtDifferentTimes()]
2025-05-30T10:57:50.028-03:00 DEBUG 54192 --- [           main] o.s.orm.jpa.JpaTransactionManager        : Creating new transaction with name [com.estapar.parking.repository.ParkingSpotRepositoryTest.shouldAllowTwoVehiclesInSameSpotAtDifferentTimes]: PROPAGATION_REQUIRED,ISOLATION_DEFAULT
2025-05-30T10:57:50.028-03:00 DEBUG 54192 --- [           main] o.s.orm.jpa.JpaTransactionManager        : Opened new EntityManager [SessionImpl(1415329320<open>)] for JPA transaction
2025-05-30T10:57:50.028-03:00 DEBUG 54192 --- [           main] o.s.j.datasource.SimpleDriverDataSource  : Creating new JDBC Driver Connection to [jdbc:h2:mem:cc563234-53b7-450a-b85b-f24c7414e046;DB_CLOSE_DELAY=-1;DB_CLOSE_ON_EXIT=false]
2025-05-30T10:57:50.029-03:00 DEBUG 54192 --- [           main] o.s.orm.jpa.JpaTransactionManager        : Exposing JPA transaction as JDBC [org.springframework.orm.jpa.vendor.HibernateJpaDialect$HibernateConnectionHandle@5d7a274e]
2025-05-30T10:57:50.029-03:00 DEBUG 54192 --- [           main] o.s.t.c.transaction.TransactionContext   : Began transaction (1) for test class [com.estapar.parking.repository.ParkingSpotRepositoryTest]; test method [shouldAllowTwoVehiclesInSameSpotAtDifferentTimes]; transaction manager [org.springframework.orm.jpa.JpaTransactionManager@21539796]; rollback [true]
2025-05-30T10:57:50.029-03:00 DEBUG 54192 --- [           main] .s.t.c.j.SqlScriptsTestExecutionListener : Processing merged @SqlConfig attributes for execution phase [BEFORE_TEST_METHOD] and test class [com.estapar.parking.repository.ParkingSpotRepositoryTest]
2025-05-30T10:57:50.030-03:00 DEBUG 54192 --- [           main] org.springframework.test.context.cache   : Spring test ApplicationContext cache statistics: [DefaultContextCache@52f9a620 size = 1, maxSize = 32, parentContextCount = 0, hitCount = 80, missCount = 1, failureCount = 0]
2025-05-30T10:57:50.030-03:00 DEBUG 54192 --- [           main] .s.t.c.j.SqlScriptsTestExecutionListener : Executing SQL scripts: [class path resource [sql/init.sql]]
2025-05-30T10:57:50.030-03:00 DEBUG 54192 --- [           main] org.springframework.test.context.cache   : Spring test ApplicationContext cache statistics: [DefaultContextCache@52f9a620 size = 1, maxSize = 32, parentContextCount = 0, hitCount = 81, missCount = 1, failureCount = 0]
2025-05-30T10:57:50.030-03:00 DEBUG 54192 --- [           main] org.springframework.test.context.cache   : Spring test ApplicationContext cache statistics: [DefaultContextCache@52f9a620 size = 1, maxSize = 32, parentContextCount = 0, hitCount = 82, missCount = 1, failureCount = 0]
2025-05-30T10:57:50.030-03:00 DEBUG 54192 --- [           main] o.s.orm.jpa.JpaTransactionManager        : Found thread-bound EntityManager [SessionImpl(1415329320<open>)] for JPA transaction
2025-05-30T10:57:50.030-03:00 DEBUG 54192 --- [           main] o.s.orm.jpa.JpaTransactionManager        : Participating in existing transaction
2025-05-30T10:57:50.031-03:00 DEBUG 54192 --- [           main] o.s.jdbc.datasource.init.ScriptUtils     : Executing SQL script from class path resource [sql/init.sql]
2025-05-30T10:57:50.032-03:00 DEBUG 54192 --- [           main] o.s.jdbc.datasource.init.ScriptUtils     : 0 returned as update count for SQL: DELETE FROM parking_events
2025-05-30T10:57:50.033-03:00 DEBUG 54192 --- [           main] o.s.jdbc.datasource.init.ScriptUtils     : 0 returned as update count for SQL: DELETE FROM parking_spots
2025-05-30T10:57:50.033-03:00 DEBUG 54192 --- [           main] o.s.jdbc.datasource.init.ScriptUtils     : 0 returned as update count for SQL: DELETE FROM garage_sectors
2025-05-30T10:57:50.035-03:00 DEBUG 54192 --- [           main] o.s.jdbc.datasource.init.ScriptUtils     : 3 returned as update count for SQL: INSERT INTO garage_sectors (id, base_price, max_capacity, open_hour, close_hour, duration_limit_minutes, current_occupancy) VALUES ('A1', 10.00, 50, '06:00', '22:00', 120, 0), ('A2', 12.00, 30, '06:00', '22:00', 180, 0), ('B1', 15.00, 20, '06:00', '22:00', 240, 0)
2025-05-30T10:57:50.036-03:00 DEBUG 54192 --- [           main] o.s.jdbc.datasource.init.ScriptUtils     : Executed SQL script from class path resource [sql/init.sql] in 4 ms.
2025-05-30T10:57:50.036-03:00 DEBUG 54192 --- [           main] org.springframework.test.context.cache   : Spring test ApplicationContext cache statistics: [DefaultContextCache@52f9a620 size = 1, maxSize = 32, parentContextCount = 0, hitCount = 83, missCount = 1, failureCount = 0]
2025-05-30T10:57:50.039-03:00 DEBUG 54192 --- [           main] org.springframework.test.context.cache   : Spring test ApplicationContext cache statistics: [DefaultContextCache@52f9a620 size = 1, maxSize = 32, parentContextCount = 0, hitCount = 84, missCount = 1, failureCount = 0]
2025-05-30T10:57:50.041-03:00 DEBUG 54192 --- [           main] org.hibernate.SQL                        : 
    delete 
    from
        parking_spots
Hibernate: 
    delete 
    from
        parking_spots
2025-05-30T10:57:50.044-03:00 DEBUG 54192 --- [           main] org.hibernate.SQL                        : 
    insert 
    into
        parking_spots
        (entry_time, latitude, license_plate, longitude, occupied, sector_id) 
    values
        (?, ?, ?, ?, ?, ?)
Hibernate: 
    insert 
    into
        parking_spots
        (entry_time, latitude, license_plate, longitude, occupied, sector_id) 
    values
        (?, ?, ?, ?, ?, ?)
2025-05-30T10:57:50.047-03:00 DEBUG 54192 --- [           main] org.hibernate.SQL                        : 
    insert 
    into
        parking_spots
        (entry_time, latitude, license_plate, longitude, occupied, sector_id) 
    values
        (?, ?, ?, ?, ?, ?)
Hibernate: 
    insert 
    into
        parking_spots
        (entry_time, latitude, license_plate, longitude, occupied, sector_id) 
    values
        (?, ?, ?, ?, ?, ?)
2025-05-30T10:57:50.048-03:00 DEBUG 54192 --- [           main] org.springframework.test.context.cache   : Spring test ApplicationContext cache statistics: [DefaultContextCache@52f9a620 size = 1, maxSize = 32, parentContextCount = 0, hitCount = 85, missCount = 1, failureCount = 0]
2025-05-30T10:57:50.050-03:00 DEBUG 54192 --- [           main] org.hibernate.SQL                        : 
    delete 
    from
        parking_spots
Hibernate: 
    delete 
    from
        parking_spots
2025-05-30T10:57:50.052-03:00 DEBUG 54192 --- [           main] o.s.orm.jpa.JpaTransactionManager        : Found thread-bound EntityManager [SessionImpl(1415329320<open>)] for JPA transaction
2025-05-30T10:57:50.053-03:00 DEBUG 54192 --- [           main] o.s.orm.jpa.JpaTransactionManager        : Participating in existing transaction
2025-05-30T10:57:50.056-03:00 DEBUG 54192 --- [           main] org.hibernate.SQL                        : 
    insert 
    into
        parking_spots
        (entry_time, latitude, license_plate, longitude, occupied, sector_id) 
    values
        (?, ?, ?, ?, ?, ?)
Hibernate: 
    insert 
    into
        parking_spots
        (entry_time, latitude, license_plate, longitude, occupied, sector_id) 
    values
        (?, ?, ?, ?, ?, ?)
2025-05-30T10:57:50.069-03:00 DEBUG 54192 --- [           main] org.hibernate.SQL                        : 
    update
        parking_spots 
    set
        entry_time=?,
        latitude=?,
        license_plate=?,
        longitude=?,
        occupied=?,
        sector_id=? 
    where
        id=?
Hibernate: 
    update
        parking_spots 
    set
        entry_time=?,
        latitude=?,
        license_plate=?,
        longitude=?,
        occupied=?,
        sector_id=? 
    where
        id=?
2025-05-30T10:57:50.080-03:00 DEBUG 54192 --- [           main] org.hibernate.SQL                        : 
    update
        parking_spots 
    set
        entry_time=?,
        latitude=?,
        license_plate=?,
        longitude=?,
        occupied=?,
        sector_id=? 
    where
        id=?
Hibernate: 
    update
        parking_spots 
    set
        entry_time=?,
        latitude=?,
        license_plate=?,
        longitude=?,
        occupied=?,
        sector_id=? 
    where
        id=?
2025-05-30T10:57:50.081-03:00 DEBUG 54192 --- [           main] org.hibernate.SQL                        : 
    update
        parking_spots 
    set
        entry_time=?,
        latitude=?,
        license_plate=?,
        longitude=?,
        occupied=?,
        sector_id=? 
    where
        id=?
Hibernate: 
    update
        parking_spots 
    set
        entry_time=?,
        latitude=?,
        license_plate=?,
        longitude=?,
        occupied=?,
        sector_id=? 
    where
        id=?
2025-05-30T10:57:50.084-03:00 DEBUG 54192 --- [           main] org.springframework.test.context.cache   : Spring test ApplicationContext cache statistics: [DefaultContextCache@52f9a620 size = 1, maxSize = 32, parentContextCount = 0, hitCount = 86, missCount = 1, failureCount = 0]
2025-05-30T10:57:50.085-03:00 DEBUG 54192 --- [           main] org.springframework.test.context.cache   : Spring test ApplicationContext cache statistics: [DefaultContextCache@52f9a620 size = 1, maxSize = 32, parentContextCount = 0, hitCount = 87, missCount = 1, failureCount = 0]
2025-05-30T10:57:50.085-03:00 DEBUG 54192 --- [           main] org.springframework.test.context.cache   : Spring test ApplicationContext cache statistics: [DefaultContextCache@52f9a620 size = 1, maxSize = 32, parentContextCount = 0, hitCount = 88, missCount = 1, failureCount = 0]
2025-05-30T10:57:50.085-03:00 DEBUG 54192 --- [           main] org.springframework.test.context.cache   : Spring test ApplicationContext cache statistics: [DefaultContextCache@52f9a620 size = 1, maxSize = 32, parentContextCount = 0, hitCount = 89, missCount = 1, failureCount = 0]
2025-05-30T10:57:50.085-03:00 DEBUG 54192 --- [           main] org.springframework.test.context.cache   : Spring test ApplicationContext cache statistics: [DefaultContextCache@52f9a620 size = 1, maxSize = 32, parentContextCount = 0, hitCount = 90, missCount = 1, failureCount = 0]
2025-05-30T10:57:50.086-03:00 DEBUG 54192 --- [           main] org.springframework.test.context.cache   : Spring test ApplicationContext cache statistics: [DefaultContextCache@52f9a620 size = 1, maxSize = 32, parentContextCount = 0, hitCount = 91, missCount = 1, failureCount = 0]
2025-05-30T10:57:50.086-03:00 DEBUG 54192 --- [           main] o.s.orm.jpa.JpaTransactionManager        : Initiating transaction rollback
2025-05-30T10:57:50.086-03:00 DEBUG 54192 --- [           main] o.s.orm.jpa.JpaTransactionManager        : Rolling back JPA transaction on EntityManager [SessionImpl(1415329320<open>)]
2025-05-30T10:57:50.089-03:00 DEBUG 54192 --- [           main] o.s.orm.jpa.JpaTransactionManager        : Closing JPA EntityManager [SessionImpl(1415329320<open>)] after transaction
2025-05-30T10:57:50.090-03:00 DEBUG 54192 --- [           main] o.s.t.c.transaction.TransactionContext   : Rolled back transaction (1) for test class [com.estapar.parking.repository.ParkingSpotRepositoryTest]; test method [shouldAllowTwoVehiclesInSameSpotAtDifferentTimes]
2025-05-30T10:57:50.090-03:00 DEBUG 54192 --- [           main] .c.s.DirtiesContextTestExecutionListener : After test method: class [ParkingSpotRepositoryTest], method [shouldAllowTwoVehiclesInSameSpotAtDifferentTimes], class annotated with @DirtiesContext [false] with mode [null], method annotated with @DirtiesContext [false] with mode [null]
]]></system-out>
  </testcase>
  <testcase name="shouldNotAllowTwoVehiclesInSameSpotAtSameTime" classname="com.estapar.parking.repository.ParkingSpotRepositoryTest" time="0.056">
    <system-out><![CDATA[2025-05-30T10:57:50.092-03:00 DEBUG 54192 --- [           main] DependencyInjectionTestExecutionListener : Performing dependency injection for test class com.estapar.parking.repository.ParkingSpotRepositoryTest
2025-05-30T10:57:50.093-03:00 DEBUG 54192 --- [           main] org.springframework.test.context.cache   : Spring test ApplicationContext cache statistics: [DefaultContextCache@52f9a620 size = 1, maxSize = 32, parentContextCount = 0, hitCount = 92, missCount = 1, failureCount = 0]
2025-05-30T10:57:50.094-03:00 DEBUG 54192 --- [           main] org.springframework.test.context.cache   : Spring test ApplicationContext cache statistics: [DefaultContextCache@52f9a620 size = 1, maxSize = 32, parentContextCount = 0, hitCount = 93, missCount = 1, failureCount = 0]
2025-05-30T10:57:50.096-03:00 DEBUG 54192 --- [           main] sContextBeforeModesTestExecutionListener : Before test method: class [ParkingSpotRepositoryTest], method [shouldNotAllowTwoVehiclesInSameSpotAtSameTime], class annotated with @DirtiesContext [false] with mode [null], method annotated with @DirtiesContext [false] with mode [null]
2025-05-30T10:57:50.097-03:00 DEBUG 54192 --- [           main] t.c.t.TransactionalTestExecutionListener : Explicit transaction definition [PROPAGATION_REQUIRED,ISOLATION_DEFAULT] found for test class [com.estapar.parking.repository.ParkingSpotRepositoryTest] and test method [shouldNotAllowTwoVehiclesInSameSpotAtSameTime]
2025-05-30T10:57:50.098-03:00 DEBUG 54192 --- [           main] org.springframework.test.context.cache   : Spring test ApplicationContext cache statistics: [DefaultContextCache@52f9a620 size = 1, maxSize = 32, parentContextCount = 0, hitCount = 94, missCount = 1, failureCount = 0]
2025-05-30T10:57:50.098-03:00 DEBUG 54192 --- [           main] t.c.t.TransactionalTestExecutionListener : No method-level @Rollback override: using default rollback [true] for test method [void com.estapar.parking.repository.ParkingSpotRepositoryTest.shouldNotAllowTwoVehiclesInSameSpotAtSameTime()]
2025-05-30T10:57:50.099-03:00 DEBUG 54192 --- [           main] o.s.orm.jpa.JpaTransactionManager        : Creating new transaction with name [com.estapar.parking.repository.ParkingSpotRepositoryTest.shouldNotAllowTwoVehiclesInSameSpotAtSameTime]: PROPAGATION_REQUIRED,ISOLATION_DEFAULT
2025-05-30T10:57:50.099-03:00 DEBUG 54192 --- [           main] o.s.orm.jpa.JpaTransactionManager        : Opened new EntityManager [SessionImpl(2025444884<open>)] for JPA transaction
2025-05-30T10:57:50.099-03:00 DEBUG 54192 --- [           main] o.s.j.datasource.SimpleDriverDataSource  : Creating new JDBC Driver Connection to [jdbc:h2:mem:cc563234-53b7-450a-b85b-f24c7414e046;DB_CLOSE_DELAY=-1;DB_CLOSE_ON_EXIT=false]
2025-05-30T10:57:50.100-03:00 DEBUG 54192 --- [           main] o.s.orm.jpa.JpaTransactionManager        : Exposing JPA transaction as JDBC [org.springframework.orm.jpa.vendor.HibernateJpaDialect$HibernateConnectionHandle@14a7e16e]
2025-05-30T10:57:50.100-03:00 DEBUG 54192 --- [           main] o.s.t.c.transaction.TransactionContext   : Began transaction (1) for test class [com.estapar.parking.repository.ParkingSpotRepositoryTest]; test method [shouldNotAllowTwoVehiclesInSameSpotAtSameTime]; transaction manager [org.springframework.orm.jpa.JpaTransactionManager@21539796]; rollback [true]
2025-05-30T10:57:50.102-03:00 DEBUG 54192 --- [           main] .s.t.c.j.SqlScriptsTestExecutionListener : Processing merged @SqlConfig attributes for execution phase [BEFORE_TEST_METHOD] and test class [com.estapar.parking.repository.ParkingSpotRepositoryTest]
2025-05-30T10:57:50.105-03:00 DEBUG 54192 --- [           main] org.springframework.test.context.cache   : Spring test ApplicationContext cache statistics: [DefaultContextCache@52f9a620 size = 1, maxSize = 32, parentContextCount = 0, hitCount = 95, missCount = 1, failureCount = 0]
2025-05-30T10:57:50.106-03:00 DEBUG 54192 --- [           main] .s.t.c.j.SqlScriptsTestExecutionListener : Executing SQL scripts: [class path resource [sql/init.sql]]
2025-05-30T10:57:50.106-03:00 DEBUG 54192 --- [           main] org.springframework.test.context.cache   : Spring test ApplicationContext cache statistics: [DefaultContextCache@52f9a620 size = 1, maxSize = 32, parentContextCount = 0, hitCount = 96, missCount = 1, failureCount = 0]
2025-05-30T10:57:50.107-03:00 DEBUG 54192 --- [           main] org.springframework.test.context.cache   : Spring test ApplicationContext cache statistics: [DefaultContextCache@52f9a620 size = 1, maxSize = 32, parentContextCount = 0, hitCount = 97, missCount = 1, failureCount = 0]
2025-05-30T10:57:50.107-03:00 DEBUG 54192 --- [           main] o.s.orm.jpa.JpaTransactionManager        : Found thread-bound EntityManager [SessionImpl(2025444884<open>)] for JPA transaction
2025-05-30T10:57:50.107-03:00 DEBUG 54192 --- [           main] o.s.orm.jpa.JpaTransactionManager        : Participating in existing transaction
2025-05-30T10:57:50.107-03:00 DEBUG 54192 --- [           main] o.s.jdbc.datasource.init.ScriptUtils     : Executing SQL script from class path resource [sql/init.sql]
2025-05-30T10:57:50.109-03:00 DEBUG 54192 --- [           main] o.s.jdbc.datasource.init.ScriptUtils     : 0 returned as update count for SQL: DELETE FROM parking_events
2025-05-30T10:57:50.109-03:00 DEBUG 54192 --- [           main] o.s.jdbc.datasource.init.ScriptUtils     : 0 returned as update count for SQL: DELETE FROM parking_spots
2025-05-30T10:57:50.109-03:00 DEBUG 54192 --- [           main] o.s.jdbc.datasource.init.ScriptUtils     : 0 returned as update count for SQL: DELETE FROM garage_sectors
2025-05-30T10:57:50.110-03:00 DEBUG 54192 --- [           main] o.s.jdbc.datasource.init.ScriptUtils     : 3 returned as update count for SQL: INSERT INTO garage_sectors (id, base_price, max_capacity, open_hour, close_hour, duration_limit_minutes, current_occupancy) VALUES ('A1', 10.00, 50, '06:00', '22:00', 120, 0), ('A2', 12.00, 30, '06:00', '22:00', 180, 0), ('B1', 15.00, 20, '06:00', '22:00', 240, 0)
2025-05-30T10:57:50.110-03:00 DEBUG 54192 --- [           main] o.s.jdbc.datasource.init.ScriptUtils     : Executed SQL script from class path resource [sql/init.sql] in 3 ms.
2025-05-30T10:57:50.110-03:00 DEBUG 54192 --- [           main] org.springframework.test.context.cache   : Spring test ApplicationContext cache statistics: [DefaultContextCache@52f9a620 size = 1, maxSize = 32, parentContextCount = 0, hitCount = 98, missCount = 1, failureCount = 0]
2025-05-30T10:57:50.110-03:00 DEBUG 54192 --- [           main] org.springframework.test.context.cache   : Spring test ApplicationContext cache statistics: [DefaultContextCache@52f9a620 size = 1, maxSize = 32, parentContextCount = 0, hitCount = 99, missCount = 1, failureCount = 0]
2025-05-30T10:57:50.111-03:00 DEBUG 54192 --- [           main] org.hibernate.SQL                        : 
    delete 
    from
        parking_spots
Hibernate: 
    delete 
    from
        parking_spots
2025-05-30T10:57:50.113-03:00 DEBUG 54192 --- [           main] org.hibernate.SQL                        : 
    insert 
    into
        parking_spots
        (entry_time, latitude, license_plate, longitude, occupied, sector_id) 
    values
        (?, ?, ?, ?, ?, ?)
Hibernate: 
    insert 
    into
        parking_spots
        (entry_time, latitude, license_plate, longitude, occupied, sector_id) 
    values
        (?, ?, ?, ?, ?, ?)
2025-05-30T10:57:50.116-03:00 DEBUG 54192 --- [           main] org.hibernate.SQL                        : 
    insert 
    into
        parking_spots
        (entry_time, latitude, license_plate, longitude, occupied, sector_id) 
    values
        (?, ?, ?, ?, ?, ?)
Hibernate: 
    insert 
    into
        parking_spots
        (entry_time, latitude, license_plate, longitude, occupied, sector_id) 
    values
        (?, ?, ?, ?, ?, ?)
2025-05-30T10:57:50.118-03:00 DEBUG 54192 --- [           main] org.springframework.test.context.cache   : Spring test ApplicationContext cache statistics: [DefaultContextCache@52f9a620 size = 1, maxSize = 32, parentContextCount = 0, hitCount = 100, missCount = 1, failureCount = 0]
2025-05-30T10:57:50.120-03:00 DEBUG 54192 --- [           main] org.hibernate.SQL                        : 
    delete 
    from
        parking_spots
Hibernate: 
    delete 
    from
        parking_spots
2025-05-30T10:57:50.122-03:00 DEBUG 54192 --- [           main] o.s.orm.jpa.JpaTransactionManager        : Found thread-bound EntityManager [SessionImpl(2025444884<open>)] for JPA transaction
2025-05-30T10:57:50.122-03:00 DEBUG 54192 --- [           main] o.s.orm.jpa.JpaTransactionManager        : Participating in existing transaction
2025-05-30T10:57:50.124-03:00 DEBUG 54192 --- [           main] org.hibernate.SQL                        : 
    insert 
    into
        parking_spots
        (entry_time, latitude, license_plate, longitude, occupied, sector_id) 
    values
        (?, ?, ?, ?, ?, ?)
Hibernate: 
    insert 
    into
        parking_spots
        (entry_time, latitude, license_plate, longitude, occupied, sector_id) 
    values
        (?, ?, ?, ?, ?, ?)
2025-05-30T10:57:50.124-03:00 DEBUG 54192 --- [           main] o.s.orm.jpa.JpaTransactionManager        : Found thread-bound EntityManager [SessionImpl(2025444884<open>)] for JPA transaction
2025-05-30T10:57:50.125-03:00 DEBUG 54192 --- [           main] o.s.orm.jpa.JpaTransactionManager        : Participating in existing transaction
2025-05-30T10:57:50.125-03:00 DEBUG 54192 --- [           main] org.hibernate.SQL                        : 
    insert 
    into
        parking_spots
        (entry_time, latitude, license_plate, longitude, occupied, sector_id) 
    values
        (?, ?, ?, ?, ?, ?)
Hibernate: 
    insert 
    into
        parking_spots
        (entry_time, latitude, license_plate, longitude, occupied, sector_id) 
    values
        (?, ?, ?, ?, ?, ?)
2025-05-30T10:57:50.127-03:00 DEBUG 54192 --- [           main] org.hibernate.SQL                        : 
    update
        parking_spots 
    set
        entry_time=?,
        latitude=?,
        license_plate=?,
        longitude=?,
        occupied=?,
        sector_id=? 
    where
        id=?
Hibernate: 
    update
        parking_spots 
    set
        entry_time=?,
        latitude=?,
        license_plate=?,
        longitude=?,
        occupied=?,
        sector_id=? 
    where
        id=?
2025-05-30T10:57:50.134-03:00 DEBUG 54192 --- [           main] org.hibernate.SQL                        : 
    update
        parking_spots 
    set
        entry_time=?,
        latitude=?,
        license_plate=?,
        longitude=?,
        occupied=?,
        sector_id=? 
    where
        id=?
Hibernate: 
    update
        parking_spots 
    set
        entry_time=?,
        latitude=?,
        license_plate=?,
        longitude=?,
        occupied=?,
        sector_id=? 
    where
        id=?
2025-05-30T10:57:50.140-03:00  WARN 54192 --- [           main] o.h.engine.jdbc.spi.SqlExceptionHelper   : SQL Error: 23505, SQLState: 23505
2025-05-30T10:57:50.140-03:00 ERROR 54192 --- [           main] o.h.engine.jdbc.spi.SqlExceptionHelper   : Unique index or primary key violation: "PUBLIC.CONSTRAINT_INDEX_9F ON PUBLIC.PARKING_SPOTS(LATITUDE NULLS FIRST, LONGITUDE NULLS FIRST, ENTRY_TIME NULLS FIRST) VALUES ( /* key:8 */ CAST(-23.561684 AS DOUBLE PRECISION), CAST(-46.655981 AS DOUBLE PRECISION), TIMESTAMP '2025-05-30 10:57:50.126964')"; SQL statement:
update parking_spots set entry_time=?,latitude=?,license_plate=?,longitude=?,occupied=?,sector_id=? where id=? [23505-224]
2025-05-30T10:57:50.147-03:00 DEBUG 54192 --- [           main] org.springframework.test.context.cache   : Spring test ApplicationContext cache statistics: [DefaultContextCache@52f9a620 size = 1, maxSize = 32, parentContextCount = 0, hitCount = 101, missCount = 1, failureCount = 0]
2025-05-30T10:57:50.147-03:00 DEBUG 54192 --- [           main] org.springframework.test.context.cache   : Spring test ApplicationContext cache statistics: [DefaultContextCache@52f9a620 size = 1, maxSize = 32, parentContextCount = 0, hitCount = 102, missCount = 1, failureCount = 0]
2025-05-30T10:57:50.147-03:00 DEBUG 54192 --- [           main] org.springframework.test.context.cache   : Spring test ApplicationContext cache statistics: [DefaultContextCache@52f9a620 size = 1, maxSize = 32, parentContextCount = 0, hitCount = 103, missCount = 1, failureCount = 0]
2025-05-30T10:57:50.147-03:00 DEBUG 54192 --- [           main] org.springframework.test.context.cache   : Spring test ApplicationContext cache statistics: [DefaultContextCache@52f9a620 size = 1, maxSize = 32, parentContextCount = 0, hitCount = 104, missCount = 1, failureCount = 0]
2025-05-30T10:57:50.147-03:00 DEBUG 54192 --- [           main] org.springframework.test.context.cache   : Spring test ApplicationContext cache statistics: [DefaultContextCache@52f9a620 size = 1, maxSize = 32, parentContextCount = 0, hitCount = 105, missCount = 1, failureCount = 0]
2025-05-30T10:57:50.148-03:00 DEBUG 54192 --- [           main] org.springframework.test.context.cache   : Spring test ApplicationContext cache statistics: [DefaultContextCache@52f9a620 size = 1, maxSize = 32, parentContextCount = 0, hitCount = 106, missCount = 1, failureCount = 0]
2025-05-30T10:57:50.148-03:00 DEBUG 54192 --- [           main] o.s.orm.jpa.JpaTransactionManager        : Initiating transaction rollback
2025-05-30T10:57:50.148-03:00 DEBUG 54192 --- [           main] o.s.orm.jpa.JpaTransactionManager        : Rolling back JPA transaction on EntityManager [SessionImpl(2025444884<open>)]
2025-05-30T10:57:50.149-03:00 DEBUG 54192 --- [           main] o.s.orm.jpa.JpaTransactionManager        : Closing JPA EntityManager [SessionImpl(2025444884<open>)] after transaction
2025-05-30T10:57:50.150-03:00 DEBUG 54192 --- [           main] o.s.t.c.transaction.TransactionContext   : Rolled back transaction (1) for test class [com.estapar.parking.repository.ParkingSpotRepositoryTest]; test method [shouldNotAllowTwoVehiclesInSameSpotAtSameTime]
2025-05-30T10:57:50.150-03:00 DEBUG 54192 --- [           main] .c.s.DirtiesContextTestExecutionListener : After test method: class [ParkingSpotRepositoryTest], method [shouldNotAllowTwoVehiclesInSameSpotAtSameTime], class annotated with @DirtiesContext [false] with mode [null], method annotated with @DirtiesContext [false] with mode [null]
]]></system-out>
  </testcase>
  <testcase name="findByLicensePlate_ShouldReturnSpotForLicensePlate" classname="com.estapar.parking.repository.ParkingSpotRepositoryTest" time="0.038">
    <system-out><![CDATA[2025-05-30T10:57:50.152-03:00 DEBUG 54192 --- [           main] DependencyInjectionTestExecutionListener : Performing dependency injection for test class com.estapar.parking.repository.ParkingSpotRepositoryTest
2025-05-30T10:57:50.153-03:00 DEBUG 54192 --- [           main] org.springframework.test.context.cache   : Spring test ApplicationContext cache statistics: [DefaultContextCache@52f9a620 size = 1, maxSize = 32, parentContextCount = 0, hitCount = 107, missCount = 1, failureCount = 0]
2025-05-30T10:57:50.154-03:00 DEBUG 54192 --- [           main] org.springframework.test.context.cache   : Spring test ApplicationContext cache statistics: [DefaultContextCache@52f9a620 size = 1, maxSize = 32, parentContextCount = 0, hitCount = 108, missCount = 1, failureCount = 0]
2025-05-30T10:57:50.157-03:00 DEBUG 54192 --- [           main] sContextBeforeModesTestExecutionListener : Before test method: class [ParkingSpotRepositoryTest], method [findByLicensePlate_ShouldReturnSpotForLicensePlate], class annotated with @DirtiesContext [false] with mode [null], method annotated with @DirtiesContext [false] with mode [null]
2025-05-30T10:57:50.158-03:00 DEBUG 54192 --- [           main] t.c.t.TransactionalTestExecutionListener : Explicit transaction definition [PROPAGATION_REQUIRED,ISOLATION_DEFAULT] found for test class [com.estapar.parking.repository.ParkingSpotRepositoryTest] and test method [findByLicensePlate_ShouldReturnSpotForLicensePlate]
2025-05-30T10:57:50.158-03:00 DEBUG 54192 --- [           main] org.springframework.test.context.cache   : Spring test ApplicationContext cache statistics: [DefaultContextCache@52f9a620 size = 1, maxSize = 32, parentContextCount = 0, hitCount = 109, missCount = 1, failureCount = 0]
2025-05-30T10:57:50.159-03:00 DEBUG 54192 --- [           main] t.c.t.TransactionalTestExecutionListener : No method-level @Rollback override: using default rollback [true] for test method [void com.estapar.parking.repository.ParkingSpotRepositoryTest.findByLicensePlate_ShouldReturnSpotForLicensePlate()]
2025-05-30T10:57:50.159-03:00 DEBUG 54192 --- [           main] o.s.orm.jpa.JpaTransactionManager        : Creating new transaction with name [com.estapar.parking.repository.ParkingSpotRepositoryTest.findByLicensePlate_ShouldReturnSpotForLicensePlate]: PROPAGATION_REQUIRED,ISOLATION_DEFAULT
2025-05-30T10:57:50.160-03:00 DEBUG 54192 --- [           main] o.s.orm.jpa.JpaTransactionManager        : Opened new EntityManager [SessionImpl(1578014646<open>)] for JPA transaction
2025-05-30T10:57:50.160-03:00 DEBUG 54192 --- [           main] o.s.j.datasource.SimpleDriverDataSource  : Creating new JDBC Driver Connection to [jdbc:h2:mem:cc563234-53b7-450a-b85b-f24c7414e046;DB_CLOSE_DELAY=-1;DB_CLOSE_ON_EXIT=false]
2025-05-30T10:57:50.160-03:00 DEBUG 54192 --- [           main] o.s.orm.jpa.JpaTransactionManager        : Exposing JPA transaction as JDBC [org.springframework.orm.jpa.vendor.HibernateJpaDialect$HibernateConnectionHandle@46f03d6d]
2025-05-30T10:57:50.161-03:00 DEBUG 54192 --- [           main] o.s.t.c.transaction.TransactionContext   : Began transaction (1) for test class [com.estapar.parking.repository.ParkingSpotRepositoryTest]; test method [findByLicensePlate_ShouldReturnSpotForLicensePlate]; transaction manager [org.springframework.orm.jpa.JpaTransactionManager@21539796]; rollback [true]
2025-05-30T10:57:50.161-03:00 DEBUG 54192 --- [           main] .s.t.c.j.SqlScriptsTestExecutionListener : Processing merged @SqlConfig attributes for execution phase [BEFORE_TEST_METHOD] and test class [com.estapar.parking.repository.ParkingSpotRepositoryTest]
2025-05-30T10:57:50.161-03:00 DEBUG 54192 --- [           main] org.springframework.test.context.cache   : Spring test ApplicationContext cache statistics: [DefaultContextCache@52f9a620 size = 1, maxSize = 32, parentContextCount = 0, hitCount = 110, missCount = 1, failureCount = 0]
2025-05-30T10:57:50.161-03:00 DEBUG 54192 --- [           main] .s.t.c.j.SqlScriptsTestExecutionListener : Executing SQL scripts: [class path resource [sql/init.sql]]
2025-05-30T10:57:50.161-03:00 DEBUG 54192 --- [           main] org.springframework.test.context.cache   : Spring test ApplicationContext cache statistics: [DefaultContextCache@52f9a620 size = 1, maxSize = 32, parentContextCount = 0, hitCount = 111, missCount = 1, failureCount = 0]
2025-05-30T10:57:50.161-03:00 DEBUG 54192 --- [           main] org.springframework.test.context.cache   : Spring test ApplicationContext cache statistics: [DefaultContextCache@52f9a620 size = 1, maxSize = 32, parentContextCount = 0, hitCount = 112, missCount = 1, failureCount = 0]
2025-05-30T10:57:50.161-03:00 DEBUG 54192 --- [           main] o.s.orm.jpa.JpaTransactionManager        : Found thread-bound EntityManager [SessionImpl(1578014646<open>)] for JPA transaction
2025-05-30T10:57:50.161-03:00 DEBUG 54192 --- [           main] o.s.orm.jpa.JpaTransactionManager        : Participating in existing transaction
2025-05-30T10:57:50.161-03:00 DEBUG 54192 --- [           main] o.s.jdbc.datasource.init.ScriptUtils     : Executing SQL script from class path resource [sql/init.sql]
2025-05-30T10:57:50.162-03:00 DEBUG 54192 --- [           main] o.s.jdbc.datasource.init.ScriptUtils     : 0 returned as update count for SQL: DELETE FROM parking_events
2025-05-30T10:57:50.163-03:00 DEBUG 54192 --- [           main] o.s.jdbc.datasource.init.ScriptUtils     : 0 returned as update count for SQL: DELETE FROM parking_spots
2025-05-30T10:57:50.163-03:00 DEBUG 54192 --- [           main] o.s.jdbc.datasource.init.ScriptUtils     : 0 returned as update count for SQL: DELETE FROM garage_sectors
2025-05-30T10:57:50.164-03:00 DEBUG 54192 --- [           main] o.s.jdbc.datasource.init.ScriptUtils     : 3 returned as update count for SQL: INSERT INTO garage_sectors (id, base_price, max_capacity, open_hour, close_hour, duration_limit_minutes, current_occupancy) VALUES ('A1', 10.00, 50, '06:00', '22:00', 120, 0), ('A2', 12.00, 30, '06:00', '22:00', 180, 0), ('B1', 15.00, 20, '06:00', '22:00', 240, 0)
2025-05-30T10:57:50.164-03:00 DEBUG 54192 --- [           main] o.s.jdbc.datasource.init.ScriptUtils     : Executed SQL script from class path resource [sql/init.sql] in 3 ms.
2025-05-30T10:57:50.165-03:00 DEBUG 54192 --- [           main] org.springframework.test.context.cache   : Spring test ApplicationContext cache statistics: [DefaultContextCache@52f9a620 size = 1, maxSize = 32, parentContextCount = 0, hitCount = 113, missCount = 1, failureCount = 0]
2025-05-30T10:57:50.165-03:00 DEBUG 54192 --- [           main] org.springframework.test.context.cache   : Spring test ApplicationContext cache statistics: [DefaultContextCache@52f9a620 size = 1, maxSize = 32, parentContextCount = 0, hitCount = 114, missCount = 1, failureCount = 0]
2025-05-30T10:57:50.167-03:00 DEBUG 54192 --- [           main] org.hibernate.SQL                        : 
    delete 
    from
        parking_spots
Hibernate: 
    delete 
    from
        parking_spots
2025-05-30T10:57:50.171-03:00 DEBUG 54192 --- [           main] org.hibernate.SQL                        : 
    insert 
    into
        parking_spots
        (entry_time, latitude, license_plate, longitude, occupied, sector_id) 
    values
        (?, ?, ?, ?, ?, ?)
Hibernate: 
    insert 
    into
        parking_spots
        (entry_time, latitude, license_plate, longitude, occupied, sector_id) 
    values
        (?, ?, ?, ?, ?, ?)
2025-05-30T10:57:50.173-03:00 DEBUG 54192 --- [           main] org.hibernate.SQL                        : 
    insert 
    into
        parking_spots
        (entry_time, latitude, license_plate, longitude, occupied, sector_id) 
    values
        (?, ?, ?, ?, ?, ?)
Hibernate: 
    insert 
    into
        parking_spots
        (entry_time, latitude, license_plate, longitude, occupied, sector_id) 
    values
        (?, ?, ?, ?, ?, ?)
2025-05-30T10:57:50.175-03:00 DEBUG 54192 --- [           main] org.springframework.test.context.cache   : Spring test ApplicationContext cache statistics: [DefaultContextCache@52f9a620 size = 1, maxSize = 32, parentContextCount = 0, hitCount = 115, missCount = 1, failureCount = 0]
2025-05-30T10:57:50.181-03:00 DEBUG 54192 --- [           main] org.hibernate.SQL                        : 
    select
        ps1_0.id,
        ps1_0.entry_time,
        ps1_0.latitude,
        ps1_0.license_plate,
        ps1_0.longitude,
        ps1_0.occupied,
        ps1_0.sector_id 
    from
        parking_spots ps1_0 
    where
        ps1_0.license_plate=?
Hibernate: 
    select
        ps1_0.id,
        ps1_0.entry_time,
        ps1_0.latitude,
        ps1_0.license_plate,
        ps1_0.longitude,
        ps1_0.occupied,
        ps1_0.sector_id 
    from
        parking_spots ps1_0 
    where
        ps1_0.license_plate=?
2025-05-30T10:57:50.186-03:00 DEBUG 54192 --- [           main] org.springframework.test.context.cache   : Spring test ApplicationContext cache statistics: [DefaultContextCache@52f9a620 size = 1, maxSize = 32, parentContextCount = 0, hitCount = 116, missCount = 1, failureCount = 0]
2025-05-30T10:57:50.187-03:00 DEBUG 54192 --- [           main] org.springframework.test.context.cache   : Spring test ApplicationContext cache statistics: [DefaultContextCache@52f9a620 size = 1, maxSize = 32, parentContextCount = 0, hitCount = 117, missCount = 1, failureCount = 0]
2025-05-30T10:57:50.187-03:00 DEBUG 54192 --- [           main] org.springframework.test.context.cache   : Spring test ApplicationContext cache statistics: [DefaultContextCache@52f9a620 size = 1, maxSize = 32, parentContextCount = 0, hitCount = 118, missCount = 1, failureCount = 0]
2025-05-30T10:57:50.187-03:00 DEBUG 54192 --- [           main] org.springframework.test.context.cache   : Spring test ApplicationContext cache statistics: [DefaultContextCache@52f9a620 size = 1, maxSize = 32, parentContextCount = 0, hitCount = 119, missCount = 1, failureCount = 0]
2025-05-30T10:57:50.188-03:00 DEBUG 54192 --- [           main] org.springframework.test.context.cache   : Spring test ApplicationContext cache statistics: [DefaultContextCache@52f9a620 size = 1, maxSize = 32, parentContextCount = 0, hitCount = 120, missCount = 1, failureCount = 0]
2025-05-30T10:57:50.189-03:00 DEBUG 54192 --- [           main] org.springframework.test.context.cache   : Spring test ApplicationContext cache statistics: [DefaultContextCache@52f9a620 size = 1, maxSize = 32, parentContextCount = 0, hitCount = 121, missCount = 1, failureCount = 0]
2025-05-30T10:57:50.189-03:00 DEBUG 54192 --- [           main] o.s.orm.jpa.JpaTransactionManager        : Initiating transaction rollback
2025-05-30T10:57:50.190-03:00 DEBUG 54192 --- [           main] o.s.orm.jpa.JpaTransactionManager        : Rolling back JPA transaction on EntityManager [SessionImpl(1578014646<open>)]
2025-05-30T10:57:50.191-03:00 DEBUG 54192 --- [           main] o.s.orm.jpa.JpaTransactionManager        : Closing JPA EntityManager [SessionImpl(1578014646<open>)] after transaction
2025-05-30T10:57:50.191-03:00 DEBUG 54192 --- [           main] o.s.t.c.transaction.TransactionContext   : Rolled back transaction (1) for test class [com.estapar.parking.repository.ParkingSpotRepositoryTest]; test method [findByLicensePlate_ShouldReturnSpotForLicensePlate]
2025-05-30T10:57:50.192-03:00 DEBUG 54192 --- [           main] .c.s.DirtiesContextTestExecutionListener : After test method: class [ParkingSpotRepositoryTest], method [findByLicensePlate_ShouldReturnSpotForLicensePlate], class annotated with @DirtiesContext [false] with mode [null], method annotated with @DirtiesContext [false] with mode [null]
]]></system-out>
  </testcase>
  <testcase name="findByLicensePlate_ShouldReturnEmptyForNonExistentLicensePlate" classname="com.estapar.parking.repository.ParkingSpotRepositoryTest" time="0.032">
    <system-out><![CDATA[2025-05-30T10:57:50.194-03:00 DEBUG 54192 --- [           main] DependencyInjectionTestExecutionListener : Performing dependency injection for test class com.estapar.parking.repository.ParkingSpotRepositoryTest
2025-05-30T10:57:50.195-03:00 DEBUG 54192 --- [           main] org.springframework.test.context.cache   : Spring test ApplicationContext cache statistics: [DefaultContextCache@52f9a620 size = 1, maxSize = 32, parentContextCount = 0, hitCount = 122, missCount = 1, failureCount = 0]
2025-05-30T10:57:50.197-03:00 DEBUG 54192 --- [           main] org.springframework.test.context.cache   : Spring test ApplicationContext cache statistics: [DefaultContextCache@52f9a620 size = 1, maxSize = 32, parentContextCount = 0, hitCount = 123, missCount = 1, failureCount = 0]
2025-05-30T10:57:50.199-03:00 DEBUG 54192 --- [           main] sContextBeforeModesTestExecutionListener : Before test method: class [ParkingSpotRepositoryTest], method [findByLicensePlate_ShouldReturnEmptyForNonExistentLicensePlate], class annotated with @DirtiesContext [false] with mode [null], method annotated with @DirtiesContext [false] with mode [null]
2025-05-30T10:57:50.199-03:00 DEBUG 54192 --- [           main] t.c.t.TransactionalTestExecutionListener : Explicit transaction definition [PROPAGATION_REQUIRED,ISOLATION_DEFAULT] found for test class [com.estapar.parking.repository.ParkingSpotRepositoryTest] and test method [findByLicensePlate_ShouldReturnEmptyForNonExistentLicensePlate]
2025-05-30T10:57:50.200-03:00 DEBUG 54192 --- [           main] org.springframework.test.context.cache   : Spring test ApplicationContext cache statistics: [DefaultContextCache@52f9a620 size = 1, maxSize = 32, parentContextCount = 0, hitCount = 124, missCount = 1, failureCount = 0]
2025-05-30T10:57:50.201-03:00 DEBUG 54192 --- [           main] t.c.t.TransactionalTestExecutionListener : No method-level @Rollback override: using default rollback [true] for test method [void com.estapar.parking.repository.ParkingSpotRepositoryTest.findByLicensePlate_ShouldReturnEmptyForNonExistentLicensePlate()]
2025-05-30T10:57:50.201-03:00 DEBUG 54192 --- [           main] o.s.orm.jpa.JpaTransactionManager        : Creating new transaction with name [com.estapar.parking.repository.ParkingSpotRepositoryTest.findByLicensePlate_ShouldReturnEmptyForNonExistentLicensePlate]: PROPAGATION_REQUIRED,ISOLATION_DEFAULT
2025-05-30T10:57:50.201-03:00 DEBUG 54192 --- [           main] o.s.orm.jpa.JpaTransactionManager        : Opened new EntityManager [SessionImpl(524383279<open>)] for JPA transaction
2025-05-30T10:57:50.201-03:00 DEBUG 54192 --- [           main] o.s.j.datasource.SimpleDriverDataSource  : Creating new JDBC Driver Connection to [jdbc:h2:mem:cc563234-53b7-450a-b85b-f24c7414e046;DB_CLOSE_DELAY=-1;DB_CLOSE_ON_EXIT=false]
2025-05-30T10:57:50.203-03:00 DEBUG 54192 --- [           main] o.s.orm.jpa.JpaTransactionManager        : Exposing JPA transaction as JDBC [org.springframework.orm.jpa.vendor.HibernateJpaDialect$HibernateConnectionHandle@59f4df4e]
2025-05-30T10:57:50.203-03:00 DEBUG 54192 --- [           main] o.s.t.c.transaction.TransactionContext   : Began transaction (1) for test class [com.estapar.parking.repository.ParkingSpotRepositoryTest]; test method [findByLicensePlate_ShouldReturnEmptyForNonExistentLicensePlate]; transaction manager [org.springframework.orm.jpa.JpaTransactionManager@21539796]; rollback [true]
2025-05-30T10:57:50.204-03:00 DEBUG 54192 --- [           main] .s.t.c.j.SqlScriptsTestExecutionListener : Processing merged @SqlConfig attributes for execution phase [BEFORE_TEST_METHOD] and test class [com.estapar.parking.repository.ParkingSpotRepositoryTest]
2025-05-30T10:57:50.204-03:00 DEBUG 54192 --- [           main] org.springframework.test.context.cache   : Spring test ApplicationContext cache statistics: [DefaultContextCache@52f9a620 size = 1, maxSize = 32, parentContextCount = 0, hitCount = 125, missCount = 1, failureCount = 0]
2025-05-30T10:57:50.204-03:00 DEBUG 54192 --- [           main] .s.t.c.j.SqlScriptsTestExecutionListener : Executing SQL scripts: [class path resource [sql/init.sql]]
2025-05-30T10:57:50.204-03:00 DEBUG 54192 --- [           main] org.springframework.test.context.cache   : Spring test ApplicationContext cache statistics: [DefaultContextCache@52f9a620 size = 1, maxSize = 32, parentContextCount = 0, hitCount = 126, missCount = 1, failureCount = 0]
2025-05-30T10:57:50.205-03:00 DEBUG 54192 --- [           main] org.springframework.test.context.cache   : Spring test ApplicationContext cache statistics: [DefaultContextCache@52f9a620 size = 1, maxSize = 32, parentContextCount = 0, hitCount = 127, missCount = 1, failureCount = 0]
2025-05-30T10:57:50.206-03:00 DEBUG 54192 --- [           main] o.s.orm.jpa.JpaTransactionManager        : Found thread-bound EntityManager [SessionImpl(524383279<open>)] for JPA transaction
2025-05-30T10:57:50.207-03:00 DEBUG 54192 --- [           main] o.s.orm.jpa.JpaTransactionManager        : Participating in existing transaction
2025-05-30T10:57:50.207-03:00 DEBUG 54192 --- [           main] o.s.jdbc.datasource.init.ScriptUtils     : Executing SQL script from class path resource [sql/init.sql]
2025-05-30T10:57:50.209-03:00 DEBUG 54192 --- [           main] o.s.jdbc.datasource.init.ScriptUtils     : 0 returned as update count for SQL: DELETE FROM parking_events
2025-05-30T10:57:50.209-03:00 DEBUG 54192 --- [           main] o.s.jdbc.datasource.init.ScriptUtils     : 0 returned as update count for SQL: DELETE FROM parking_spots
2025-05-30T10:57:50.210-03:00 DEBUG 54192 --- [           main] o.s.jdbc.datasource.init.ScriptUtils     : 0 returned as update count for SQL: DELETE FROM garage_sectors
2025-05-30T10:57:50.211-03:00 DEBUG 54192 --- [           main] o.s.jdbc.datasource.init.ScriptUtils     : 3 returned as update count for SQL: INSERT INTO garage_sectors (id, base_price, max_capacity, open_hour, close_hour, duration_limit_minutes, current_occupancy) VALUES ('A1', 10.00, 50, '06:00', '22:00', 120, 0), ('A2', 12.00, 30, '06:00', '22:00', 180, 0), ('B1', 15.00, 20, '06:00', '22:00', 240, 0)
2025-05-30T10:57:50.211-03:00 DEBUG 54192 --- [           main] o.s.jdbc.datasource.init.ScriptUtils     : Executed SQL script from class path resource [sql/init.sql] in 4 ms.
2025-05-30T10:57:50.212-03:00 DEBUG 54192 --- [           main] org.springframework.test.context.cache   : Spring test ApplicationContext cache statistics: [DefaultContextCache@52f9a620 size = 1, maxSize = 32, parentContextCount = 0, hitCount = 128, missCount = 1, failureCount = 0]
2025-05-30T10:57:50.213-03:00 DEBUG 54192 --- [           main] org.springframework.test.context.cache   : Spring test ApplicationContext cache statistics: [DefaultContextCache@52f9a620 size = 1, maxSize = 32, parentContextCount = 0, hitCount = 129, missCount = 1, failureCount = 0]
2025-05-30T10:57:50.215-03:00 DEBUG 54192 --- [           main] org.hibernate.SQL                        : 
    delete 
    from
        parking_spots
Hibernate: 
    delete 
    from
        parking_spots
2025-05-30T10:57:50.217-03:00 DEBUG 54192 --- [           main] org.hibernate.SQL                        : 
    insert 
    into
        parking_spots
        (entry_time, latitude, license_plate, longitude, occupied, sector_id) 
    values
        (?, ?, ?, ?, ?, ?)
Hibernate: 
    insert 
    into
        parking_spots
        (entry_time, latitude, license_plate, longitude, occupied, sector_id) 
    values
        (?, ?, ?, ?, ?, ?)
2025-05-30T10:57:50.220-03:00 DEBUG 54192 --- [           main] org.hibernate.SQL                        : 
    insert 
    into
        parking_spots
        (entry_time, latitude, license_plate, longitude, occupied, sector_id) 
    values
        (?, ?, ?, ?, ?, ?)
Hibernate: 
    insert 
    into
        parking_spots
        (entry_time, latitude, license_plate, longitude, occupied, sector_id) 
    values
        (?, ?, ?, ?, ?, ?)
2025-05-30T10:57:50.222-03:00 DEBUG 54192 --- [           main] org.springframework.test.context.cache   : Spring test ApplicationContext cache statistics: [DefaultContextCache@52f9a620 size = 1, maxSize = 32, parentContextCount = 0, hitCount = 130, missCount = 1, failureCount = 0]
2025-05-30T10:57:50.226-03:00 DEBUG 54192 --- [           main] org.hibernate.SQL                        : 
    select
        ps1_0.id,
        ps1_0.entry_time,
        ps1_0.latitude,
        ps1_0.license_plate,
        ps1_0.longitude,
        ps1_0.occupied,
        ps1_0.sector_id 
    from
        parking_spots ps1_0 
    where
        ps1_0.license_plate=?
Hibernate: 
    select
        ps1_0.id,
        ps1_0.entry_time,
        ps1_0.latitude,
        ps1_0.license_plate,
        ps1_0.longitude,
        ps1_0.occupied,
        ps1_0.sector_id 
    from
        parking_spots ps1_0 
    where
        ps1_0.license_plate=?
2025-05-30T10:57:50.227-03:00 DEBUG 54192 --- [           main] org.springframework.test.context.cache   : Spring test ApplicationContext cache statistics: [DefaultContextCache@52f9a620 size = 1, maxSize = 32, parentContextCount = 0, hitCount = 131, missCount = 1, failureCount = 0]
2025-05-30T10:57:50.227-03:00 DEBUG 54192 --- [           main] org.springframework.test.context.cache   : Spring test ApplicationContext cache statistics: [DefaultContextCache@52f9a620 size = 1, maxSize = 32, parentContextCount = 0, hitCount = 132, missCount = 1, failureCount = 0]
2025-05-30T10:57:50.227-03:00 DEBUG 54192 --- [           main] org.springframework.test.context.cache   : Spring test ApplicationContext cache statistics: [DefaultContextCache@52f9a620 size = 1, maxSize = 32, parentContextCount = 0, hitCount = 133, missCount = 1, failureCount = 0]
2025-05-30T10:57:50.227-03:00 DEBUG 54192 --- [           main] org.springframework.test.context.cache   : Spring test ApplicationContext cache statistics: [DefaultContextCache@52f9a620 size = 1, maxSize = 32, parentContextCount = 0, hitCount = 134, missCount = 1, failureCount = 0]
2025-05-30T10:57:50.228-03:00 DEBUG 54192 --- [           main] org.springframework.test.context.cache   : Spring test ApplicationContext cache statistics: [DefaultContextCache@52f9a620 size = 1, maxSize = 32, parentContextCount = 0, hitCount = 135, missCount = 1, failureCount = 0]
2025-05-30T10:57:50.228-03:00 DEBUG 54192 --- [           main] org.springframework.test.context.cache   : Spring test ApplicationContext cache statistics: [DefaultContextCache@52f9a620 size = 1, maxSize = 32, parentContextCount = 0, hitCount = 136, missCount = 1, failureCount = 0]
2025-05-30T10:57:50.228-03:00 DEBUG 54192 --- [           main] o.s.orm.jpa.JpaTransactionManager        : Initiating transaction rollback
2025-05-30T10:57:50.228-03:00 DEBUG 54192 --- [           main] o.s.orm.jpa.JpaTransactionManager        : Rolling back JPA transaction on EntityManager [SessionImpl(524383279<open>)]
2025-05-30T10:57:50.229-03:00 DEBUG 54192 --- [           main] o.s.orm.jpa.JpaTransactionManager        : Closing JPA EntityManager [SessionImpl(524383279<open>)] after transaction
2025-05-30T10:57:50.229-03:00 DEBUG 54192 --- [           main] o.s.t.c.transaction.TransactionContext   : Rolled back transaction (1) for test class [com.estapar.parking.repository.ParkingSpotRepositoryTest]; test method [findByLicensePlate_ShouldReturnEmptyForNonExistentLicensePlate]
2025-05-30T10:57:50.229-03:00 DEBUG 54192 --- [           main] .c.s.DirtiesContextTestExecutionListener : After test method: class [ParkingSpotRepositoryTest], method [findByLicensePlate_ShouldReturnEmptyForNonExistentLicensePlate], class annotated with @DirtiesContext [false] with mode [null], method annotated with @DirtiesContext [false] with mode [null]
]]></system-out>
  </testcase>
  <testcase name="findByLatitudeAndLongitude_ShouldReturnCorrectSpot" classname="com.estapar.parking.repository.ParkingSpotRepositoryTest" time="0.03">
    <system-out><![CDATA[2025-05-30T10:57:50.230-03:00 DEBUG 54192 --- [           main] DependencyInjectionTestExecutionListener : Performing dependency injection for test class com.estapar.parking.repository.ParkingSpotRepositoryTest
2025-05-30T10:57:50.230-03:00 DEBUG 54192 --- [           main] org.springframework.test.context.cache   : Spring test ApplicationContext cache statistics: [DefaultContextCache@52f9a620 size = 1, maxSize = 32, parentContextCount = 0, hitCount = 137, missCount = 1, failureCount = 0]
2025-05-30T10:57:50.231-03:00 DEBUG 54192 --- [           main] org.springframework.test.context.cache   : Spring test ApplicationContext cache statistics: [DefaultContextCache@52f9a620 size = 1, maxSize = 32, parentContextCount = 0, hitCount = 138, missCount = 1, failureCount = 0]
2025-05-30T10:57:50.233-03:00 DEBUG 54192 --- [           main] sContextBeforeModesTestExecutionListener : Before test method: class [ParkingSpotRepositoryTest], method [findByLatitudeAndLongitude_ShouldReturnCorrectSpot], class annotated with @DirtiesContext [false] with mode [null], method annotated with @DirtiesContext [false] with mode [null]
2025-05-30T10:57:50.233-03:00 DEBUG 54192 --- [           main] t.c.t.TransactionalTestExecutionListener : Explicit transaction definition [PROPAGATION_REQUIRED,ISOLATION_DEFAULT] found for test class [com.estapar.parking.repository.ParkingSpotRepositoryTest] and test method [findByLatitudeAndLongitude_ShouldReturnCorrectSpot]
2025-05-30T10:57:50.233-03:00 DEBUG 54192 --- [           main] org.springframework.test.context.cache   : Spring test ApplicationContext cache statistics: [DefaultContextCache@52f9a620 size = 1, maxSize = 32, parentContextCount = 0, hitCount = 139, missCount = 1, failureCount = 0]
2025-05-30T10:57:50.233-03:00 DEBUG 54192 --- [           main] t.c.t.TransactionalTestExecutionListener : No method-level @Rollback override: using default rollback [true] for test method [void com.estapar.parking.repository.ParkingSpotRepositoryTest.findByLatitudeAndLongitude_ShouldReturnCorrectSpot()]
2025-05-30T10:57:50.233-03:00 DEBUG 54192 --- [           main] o.s.orm.jpa.JpaTransactionManager        : Creating new transaction with name [com.estapar.parking.repository.ParkingSpotRepositoryTest.findByLatitudeAndLongitude_ShouldReturnCorrectSpot]: PROPAGATION_REQUIRED,ISOLATION_DEFAULT
2025-05-30T10:57:50.234-03:00 DEBUG 54192 --- [           main] o.s.orm.jpa.JpaTransactionManager        : Opened new EntityManager [SessionImpl(1885712019<open>)] for JPA transaction
2025-05-30T10:57:50.234-03:00 DEBUG 54192 --- [           main] o.s.j.datasource.SimpleDriverDataSource  : Creating new JDBC Driver Connection to [jdbc:h2:mem:cc563234-53b7-450a-b85b-f24c7414e046;DB_CLOSE_DELAY=-1;DB_CLOSE_ON_EXIT=false]
2025-05-30T10:57:50.234-03:00 DEBUG 54192 --- [           main] o.s.orm.jpa.JpaTransactionManager        : Exposing JPA transaction as JDBC [org.springframework.orm.jpa.vendor.HibernateJpaDialect$HibernateConnectionHandle@47523643]
2025-05-30T10:57:50.234-03:00 DEBUG 54192 --- [           main] o.s.t.c.transaction.TransactionContext   : Began transaction (1) for test class [com.estapar.parking.repository.ParkingSpotRepositoryTest]; test method [findByLatitudeAndLongitude_ShouldReturnCorrectSpot]; transaction manager [org.springframework.orm.jpa.JpaTransactionManager@21539796]; rollback [true]
2025-05-30T10:57:50.235-03:00 DEBUG 54192 --- [           main] .s.t.c.j.SqlScriptsTestExecutionListener : Processing merged @SqlConfig attributes for execution phase [BEFORE_TEST_METHOD] and test class [com.estapar.parking.repository.ParkingSpotRepositoryTest]
2025-05-30T10:57:50.235-03:00 DEBUG 54192 --- [           main] org.springframework.test.context.cache   : Spring test ApplicationContext cache statistics: [DefaultContextCache@52f9a620 size = 1, maxSize = 32, parentContextCount = 0, hitCount = 140, missCount = 1, failureCount = 0]
2025-05-30T10:57:50.235-03:00 DEBUG 54192 --- [           main] .s.t.c.j.SqlScriptsTestExecutionListener : Executing SQL scripts: [class path resource [sql/init.sql]]
2025-05-30T10:57:50.236-03:00 DEBUG 54192 --- [           main] org.springframework.test.context.cache   : Spring test ApplicationContext cache statistics: [DefaultContextCache@52f9a620 size = 1, maxSize = 32, parentContextCount = 0, hitCount = 141, missCount = 1, failureCount = 0]
2025-05-30T10:57:50.236-03:00 DEBUG 54192 --- [           main] org.springframework.test.context.cache   : Spring test ApplicationContext cache statistics: [DefaultContextCache@52f9a620 size = 1, maxSize = 32, parentContextCount = 0, hitCount = 142, missCount = 1, failureCount = 0]
2025-05-30T10:57:50.237-03:00 DEBUG 54192 --- [           main] o.s.orm.jpa.JpaTransactionManager        : Found thread-bound EntityManager [SessionImpl(1885712019<open>)] for JPA transaction
2025-05-30T10:57:50.237-03:00 DEBUG 54192 --- [           main] o.s.orm.jpa.JpaTransactionManager        : Participating in existing transaction
2025-05-30T10:57:50.237-03:00 DEBUG 54192 --- [           main] o.s.jdbc.datasource.init.ScriptUtils     : Executing SQL script from class path resource [sql/init.sql]
2025-05-30T10:57:50.239-03:00 DEBUG 54192 --- [           main] o.s.jdbc.datasource.init.ScriptUtils     : 0 returned as update count for SQL: DELETE FROM parking_events
2025-05-30T10:57:50.240-03:00 DEBUG 54192 --- [           main] o.s.jdbc.datasource.init.ScriptUtils     : 0 returned as update count for SQL: DELETE FROM parking_spots
2025-05-30T10:57:50.240-03:00 DEBUG 54192 --- [           main] o.s.jdbc.datasource.init.ScriptUtils     : 0 returned as update count for SQL: DELETE FROM garage_sectors
2025-05-30T10:57:50.241-03:00 DEBUG 54192 --- [           main] o.s.jdbc.datasource.init.ScriptUtils     : 3 returned as update count for SQL: INSERT INTO garage_sectors (id, base_price, max_capacity, open_hour, close_hour, duration_limit_minutes, current_occupancy) VALUES ('A1', 10.00, 50, '06:00', '22:00', 120, 0), ('A2', 12.00, 30, '06:00', '22:00', 180, 0), ('B1', 15.00, 20, '06:00', '22:00', 240, 0)
2025-05-30T10:57:50.242-03:00 DEBUG 54192 --- [           main] o.s.jdbc.datasource.init.ScriptUtils     : Executed SQL script from class path resource [sql/init.sql] in 5 ms.
2025-05-30T10:57:50.242-03:00 DEBUG 54192 --- [           main] org.springframework.test.context.cache   : Spring test ApplicationContext cache statistics: [DefaultContextCache@52f9a620 size = 1, maxSize = 32, parentContextCount = 0, hitCount = 143, missCount = 1, failureCount = 0]
2025-05-30T10:57:50.242-03:00 DEBUG 54192 --- [           main] org.springframework.test.context.cache   : Spring test ApplicationContext cache statistics: [DefaultContextCache@52f9a620 size = 1, maxSize = 32, parentContextCount = 0, hitCount = 144, missCount = 1, failureCount = 0]
2025-05-30T10:57:50.243-03:00 DEBUG 54192 --- [           main] org.hibernate.SQL                        : 
    delete 
    from
        parking_spots
Hibernate: 
    delete 
    from
        parking_spots
2025-05-30T10:57:50.246-03:00 DEBUG 54192 --- [           main] org.hibernate.SQL                        : 
    insert 
    into
        parking_spots
        (entry_time, latitude, license_plate, longitude, occupied, sector_id) 
    values
        (?, ?, ?, ?, ?, ?)
Hibernate: 
    insert 
    into
        parking_spots
        (entry_time, latitude, license_plate, longitude, occupied, sector_id) 
    values
        (?, ?, ?, ?, ?, ?)
2025-05-30T10:57:50.249-03:00 DEBUG 54192 --- [           main] org.hibernate.SQL                        : 
    insert 
    into
        parking_spots
        (entry_time, latitude, license_plate, longitude, occupied, sector_id) 
    values
        (?, ?, ?, ?, ?, ?)
Hibernate: 
    insert 
    into
        parking_spots
        (entry_time, latitude, license_plate, longitude, occupied, sector_id) 
    values
        (?, ?, ?, ?, ?, ?)
2025-05-30T10:57:50.252-03:00 DEBUG 54192 --- [           main] org.springframework.test.context.cache   : Spring test ApplicationContext cache statistics: [DefaultContextCache@52f9a620 size = 1, maxSize = 32, parentContextCount = 0, hitCount = 145, missCount = 1, failureCount = 0]
2025-05-30T10:57:50.254-03:00 DEBUG 54192 --- [           main] org.hibernate.SQL                        : 
    select
        ps1_0.id,
        ps1_0.entry_time,
        ps1_0.latitude,
        ps1_0.license_plate,
        ps1_0.longitude,
        ps1_0.occupied,
        ps1_0.sector_id 
    from
        parking_spots ps1_0 
    where
        ps1_0.latitude=? 
        and ps1_0.longitude=?
Hibernate: 
    select
        ps1_0.id,
        ps1_0.entry_time,
        ps1_0.latitude,
        ps1_0.license_plate,
        ps1_0.longitude,
        ps1_0.occupied,
        ps1_0.sector_id 
    from
        parking_spots ps1_0 
    where
        ps1_0.latitude=? 
        and ps1_0.longitude=?
2025-05-30T10:57:50.257-03:00 DEBUG 54192 --- [           main] org.springframework.test.context.cache   : Spring test ApplicationContext cache statistics: [DefaultContextCache@52f9a620 size = 1, maxSize = 32, parentContextCount = 0, hitCount = 146, missCount = 1, failureCount = 0]
2025-05-30T10:57:50.258-03:00 DEBUG 54192 --- [           main] org.springframework.test.context.cache   : Spring test ApplicationContext cache statistics: [DefaultContextCache@52f9a620 size = 1, maxSize = 32, parentContextCount = 0, hitCount = 147, missCount = 1, failureCount = 0]
2025-05-30T10:57:50.258-03:00 DEBUG 54192 --- [           main] org.springframework.test.context.cache   : Spring test ApplicationContext cache statistics: [DefaultContextCache@52f9a620 size = 1, maxSize = 32, parentContextCount = 0, hitCount = 148, missCount = 1, failureCount = 0]
2025-05-30T10:57:50.259-03:00 DEBUG 54192 --- [           main] org.springframework.test.context.cache   : Spring test ApplicationContext cache statistics: [DefaultContextCache@52f9a620 size = 1, maxSize = 32, parentContextCount = 0, hitCount = 149, missCount = 1, failureCount = 0]
2025-05-30T10:57:50.259-03:00 DEBUG 54192 --- [           main] org.springframework.test.context.cache   : Spring test ApplicationContext cache statistics: [DefaultContextCache@52f9a620 size = 1, maxSize = 32, parentContextCount = 0, hitCount = 150, missCount = 1, failureCount = 0]
2025-05-30T10:57:50.260-03:00 DEBUG 54192 --- [           main] org.springframework.test.context.cache   : Spring test ApplicationContext cache statistics: [DefaultContextCache@52f9a620 size = 1, maxSize = 32, parentContextCount = 0, hitCount = 151, missCount = 1, failureCount = 0]
2025-05-30T10:57:50.260-03:00 DEBUG 54192 --- [           main] o.s.orm.jpa.JpaTransactionManager        : Initiating transaction rollback
2025-05-30T10:57:50.260-03:00 DEBUG 54192 --- [           main] o.s.orm.jpa.JpaTransactionManager        : Rolling back JPA transaction on EntityManager [SessionImpl(1885712019<open>)]
2025-05-30T10:57:50.262-03:00 DEBUG 54192 --- [           main] o.s.orm.jpa.JpaTransactionManager        : Closing JPA EntityManager [SessionImpl(1885712019<open>)] after transaction
2025-05-30T10:57:50.262-03:00 DEBUG 54192 --- [           main] o.s.t.c.transaction.TransactionContext   : Rolled back transaction (1) for test class [com.estapar.parking.repository.ParkingSpotRepositoryTest]; test method [findByLatitudeAndLongitude_ShouldReturnCorrectSpot]
2025-05-30T10:57:50.262-03:00 DEBUG 54192 --- [           main] .c.s.DirtiesContextTestExecutionListener : After test method: class [ParkingSpotRepositoryTest], method [findByLatitudeAndLongitude_ShouldReturnCorrectSpot], class annotated with @DirtiesContext [false] with mode [null], method annotated with @DirtiesContext [false] with mode [null]
]]></system-out>
  </testcase>
</testsuite>